<?xml version="1.0" encoding="UTF-8"?>
<coverage generated="1748175108012" clover="3.2.0">
  <project timestamp="1748175108013" name="All files">
    <metrics statements="431" coveredstatements="400" conditionals="158" coveredconditionals="130" methods="76" coveredmethods="73" elements="665" coveredelements="603" complexity="0" loc="431" ncloc="431" packages="1" files="5" classes="5"/>
    <file name="ModernToasts.ts" path="C:\Users\sukar\Desktop\Coding\ModernToastsProject\ModernToasts\src\ModernToasts.ts">
      <metrics statements="268" coveredstatements="238" conditionals="101" coveredconditionals="76" methods="48" coveredmethods="46"/>
      <line num="1" count="1" type="stmt"/>
      <line num="12" count="1" type="stmt"/>
      <line num="19" count="1" type="stmt"/>
      <line num="25" count="1" type="stmt"/>
      <line num="30" count="1" type="stmt"/>
      <line num="42" count="3" type="cond" truecount="4" falsecount="3"/>
      <line num="45" count="1" type="stmt"/>
      <line num="48" count="1" type="stmt"/>
      <line num="50" count="1" type="stmt"/>
      <line num="52" count="0" type="stmt"/>
      <line num="54" count="0" type="stmt"/>
      <line num="61" count="1" type="stmt"/>
      <line num="80" count="1" type="stmt"/>
      <line num="96" count="1" type="stmt"/>
      <line num="135" count="1" type="stmt"/>
      <line num="137" count="40" type="stmt"/>
      <line num="138" count="40" type="stmt"/>
      <line num="139" count="40" type="stmt"/>
      <line num="140" count="40" type="stmt"/>
      <line num="141" count="40" type="stmt"/>
      <line num="144" count="40" type="stmt"/>
      <line num="145" count="40" type="stmt"/>
      <line num="152" count="40" type="cond" truecount="0" falsecount="1"/>
      <line num="153" count="0" type="stmt"/>
      <line num="157" count="40" type="stmt"/>
      <line num="160" count="40" type="stmt"/>
      <line num="163" count="40" type="stmt"/>
      <line num="165" count="40" type="stmt"/>
      <line num="172" count="40" type="cond" truecount="1" falsecount="0"/>
      <line num="173" count="1" type="stmt"/>
      <line num="176" count="39" type="stmt"/>
      <line num="177" count="39" type="stmt"/>
      <line num="180" count="39" type="stmt"/>
      <line num="182" count="39" type="stmt"/>
      <line num="185" count="39" type="cond" truecount="0" falsecount="1"/>
      <line num="186" count="0" type="stmt"/>
      <line num="187" count="0" type="stmt"/>
      <line num="188" count="0" type="stmt"/>
      <line num="189" count="0" type="stmt"/>
      <line num="198" count="40" type="stmt"/>
      <line num="199" count="40" type="cond" truecount="1" falsecount="0"/>
      <line num="200" count="1" type="stmt"/>
      <line num="201" count="1" type="stmt"/>
      <line num="202" count="1" type="stmt"/>
      <line num="205" count="39" type="stmt"/>
      <line num="206" count="39" type="stmt"/>
      <line num="207" count="39" type="stmt"/>
      <line num="209" count="39" type="stmt"/>
      <line num="210" count="39" type="stmt"/>
      <line num="212" count="39" type="stmt"/>
      <line num="213" count="39" type="stmt"/>
      <line num="216" count="39" type="stmt"/>
      <line num="223" count="41" type="cond" truecount="0" falsecount="1"/>
      <line num="224" count="0" type="stmt"/>
      <line num="228" count="41" type="stmt"/>
      <line num="229" count="246" type="cond" truecount="1" falsecount="0"/>
      <line num="230" count="246" type="stmt"/>
      <line num="235" count="41" type="stmt"/>
      <line num="236" count="41" type="stmt"/>
      <line num="243" count="47" type="stmt"/>
      <line num="244" count="47" type="stmt"/>
      <line num="252" count="39" type="cond" truecount="2" falsecount="0"/>
      <line num="257" count="39" type="stmt"/>
      <line num="264" count="39" type="stmt"/>
      <line num="266" count="39" type="stmt"/>
      <line num="277" count="39" type="stmt"/>
      <line num="285" count="39" type="stmt"/>
      <line num="287" count="39" type="stmt"/>
      <line num="295" count="39" type="stmt"/>
      <line num="296" count="39" type="cond" truecount="1" falsecount="0"/>
      <line num="297" count="38" type="stmt"/>
      <line num="298" count="1" type="stmt"/>
      <line num="299" count="1" type="stmt"/>
      <line num="300" count="1" type="stmt"/>
      <line num="303" count="38" type="stmt"/>
      <line num="304" count="38" type="stmt"/>
      <line num="305" count="0" type="stmt"/>
      <line num="306" count="0" type="stmt"/>
      <line num="310" count="38" type="stmt"/>
      <line num="311" count="38" type="stmt"/>
      <line num="315" count="39" type="cond" truecount="3" falsecount="0"/>
      <line num="316" count="37" type="stmt"/>
      <line num="319" count="37" type="stmt"/>
      <line num="320" count="1" type="cond" truecount="1" falsecount="0"/>
      <line num="321" count="1" type="stmt"/>
      <line num="322" count="1" type="stmt"/>
      <line num="326" count="37" type="stmt"/>
      <line num="327" count="1" type="cond" truecount="3" falsecount="0"/>
      <line num="328" count="1" type="stmt"/>
      <line num="329" count="1" type="stmt"/>
      <line num="331" count="1" type="stmt"/>
      <line num="332" count="1" type="stmt"/>
      <line num="337" count="37" type="stmt"/>
      <line num="338" count="37" type="stmt"/>
      <line num="341" count="37" type="stmt"/>
      <line num="342" count="37" type="stmt"/>
      <line num="350" count="121" type="stmt"/>
      <line num="351" count="121" type="stmt"/>
      <line num="354" count="121" type="cond" truecount="1" falsecount="6"/>
      <line num="356" count="121" type="stmt"/>
      <line num="359" count="0" type="stmt"/>
      <line num="362" count="0" type="stmt"/>
      <line num="365" count="0" type="stmt"/>
      <line num="368" count="0" type="stmt"/>
      <line num="371" count="0" type="stmt"/>
      <line num="374" count="0" type="stmt"/>
      <line num="382" count="88" type="cond" truecount="0" falsecount="1"/>
      <line num="383" count="0" type="stmt"/>
      <line num="386" count="88" type="stmt"/>
      <line num="389" count="88" type="stmt"/>
      <line num="390" count="88" type="stmt"/>
      <line num="391" count="114" type="cond" truecount="1" falsecount="1"/>
      <line num="392" count="168" type="stmt"/>
      <line num="393" count="114" type="cond" truecount="0" falsecount="1"/>
      <line num="394" count="0" type="stmt"/>
      <line num="398" count="88" type="stmt"/>
      <line num="399" count="114" type="cond" truecount="0" falsecount="1"/>
      <line num="400" count="0" type="stmt"/>
      <line num="403" count="114" type="stmt"/>
      <line num="405" count="114" type="stmt"/>
      <line num="406" count="114" type="stmt"/>
      <line num="407" count="114" type="stmt"/>
      <line num="408" count="114" type="stmt"/>
      <line num="411" count="114" type="cond" truecount="1" falsecount="0"/>
      <line num="412" count="7" type="stmt"/>
      <line num="413" count="7" type="stmt"/>
      <line num="414" count="7" type="stmt"/>
      <line num="415" count="7" type="stmt"/>
      <line num="416" count="7" type="stmt"/>
      <line num="417" count="7" type="stmt"/>
      <line num="421" count="114" type="stmt"/>
      <line num="422" count="114" type="cond" truecount="2" falsecount="0"/>
      <line num="425" count="114" type="stmt"/>
      <line num="426" count="114" type="stmt"/>
      <line num="427" count="114" type="stmt"/>
      <line num="428" count="114" type="stmt"/>
      <line num="429" count="114" type="stmt"/>
      <line num="430" count="114" type="stmt"/>
      <line num="433" count="114" type="cond" truecount="2" falsecount="0"/>
      <line num="434" count="27" type="stmt"/>
      <line num="435" count="27" type="stmt"/>
      <line num="437" count="87" type="stmt"/>
      <line num="438" count="87" type="stmt"/>
      <line num="442" count="114" type="cond" truecount="2" falsecount="1"/>
      <line num="443" count="0" type="stmt"/>
      <line num="452" count="1" type="stmt"/>
      <line num="453" count="0" type="cond" truecount="0" falsecount="1"/>
      <line num="454" count="0" type="stmt"/>
      <line num="458" count="0" type="stmt"/>
      <line num="461" count="0" type="cond" truecount="0" falsecount="1"/>
      <line num="462" count="0" type="stmt"/>
      <line num="464" count="0" type="cond" truecount="0" falsecount="1"/>
      <line num="465" count="0" type="stmt"/>
      <line num="475" count="40" type="stmt"/>
      <line num="477" count="39" type="stmt"/>
      <line num="480" count="39" type="stmt"/>
      <line num="487" count="39" type="stmt"/>
      <line num="498" count="39" type="stmt"/>
      <line num="499" count="39" type="stmt"/>
      <line num="502" count="39" type="stmt"/>
      <line num="505" count="39" type="cond" truecount="1" falsecount="0"/>
      <line num="506" count="1" type="stmt"/>
      <line num="507" count="1" type="cond" truecount="3" falsecount="0"/>
      <line num="508" count="1" type="stmt"/>
      <line num="512" count="39" type="cond" truecount="1" falsecount="0"/>
      <line num="513" count="39" type="stmt"/>
      <line num="517" count="39" type="stmt"/>
      <line num="518" count="39" type="stmt"/>
      <line num="521" count="39" type="cond" truecount="1" falsecount="1"/>
      <line num="522" count="39" type="stmt"/>
      <line num="525" count="39" type="stmt"/>
      <line num="526" count="15" type="stmt"/>
      <line num="527" count="15" type="stmt"/>
      <line num="530" count="15" type="stmt"/>
      <line num="534" count="39" type="cond" truecount="1" falsecount="0"/>
      <line num="535" count="38" type="stmt"/>
      <line num="536" count="8" type="stmt"/>
      <line num="540" count="39" type="stmt"/>
      <line num="547" count="23" type="stmt"/>
      <line num="548" count="18" type="cond" truecount="1" falsecount="0"/>
      <line num="549" count="1" type="stmt"/>
      <line num="552" count="17" type="stmt"/>
      <line num="553" count="17" type="cond" truecount="0" falsecount="1"/>
      <line num="554" count="0" type="stmt"/>
      <line num="558" count="17" type="cond" truecount="0" falsecount="1"/>
      <line num="559" count="0" type="stmt"/>
      <line num="561" count="17" type="stmt"/>
      <line num="564" count="17" type="cond" truecount="1" falsecount="0"/>
      <line num="565" count="17" type="stmt"/>
      <line num="566" count="17" type="stmt"/>
      <line num="570" count="17" type="stmt"/>
      <line num="573" count="17" type="stmt"/>
      <line num="576" count="17" type="stmt"/>
      <line num="577" count="17" type="stmt"/>
      <line num="580" count="17" type="stmt"/>
      <line num="582" count="14" type="cond" truecount="3" falsecount="0"/>
      <line num="583" count="14" type="stmt"/>
      <line num="587" count="17" type="stmt"/>
      <line num="588" count="14" type="cond" truecount="1" falsecount="0"/>
      <line num="589" count="14" type="stmt"/>
      <line num="591" count="14" type="stmt"/>
      <line num="600" count="17" type="cond" truecount="3" falsecount="0"/>
      <line num="601" count="17" type="stmt"/>
      <line num="604" count="17" type="cond" truecount="1" falsecount="0"/>
      <line num="605" count="17" type="cond" truecount="1" falsecount="0"/>
      <line num="606" count="16" type="stmt"/>
      <line num="608" count="17" type="cond" truecount="1" falsecount="0"/>
      <line num="609" count="16" type="stmt"/>
      <line num="618" count="32" type="cond" truecount="2" falsecount="0"/>
      <line num="619" count="32" type="stmt"/>
      <line num="620" count="3" type="stmt"/>
      <line num="621" count="3" type="stmt"/>
      <line num="623" count="1" type="stmt"/>
      <line num="632" count="40" type="stmt"/>
      <line num="639" count="33" type="stmt"/>
      <line num="646" count="3" type="stmt"/>
      <line num="653" count="2" type="stmt"/>
      <line num="660" count="1" type="stmt"/>
      <line num="667" count="8" type="stmt"/>
      <line num="674" count="3" type="stmt"/>
      <line num="675" count="3" type="stmt"/>
      <line num="683" count="8" type="stmt"/>
      <line num="686" count="7" type="cond" truecount="3" falsecount="0"/>
      <line num="687" count="2" type="stmt"/>
      <line num="690" count="7" type="stmt"/>
      <line num="693" count="7" type="cond" truecount="1" falsecount="0"/>
      <line num="694" count="2" type="stmt"/>
      <line num="698" count="7" type="stmt"/>
      <line num="701" count="7" type="cond" truecount="7" falsecount="0"/>
      <line num="704" count="3" type="stmt"/>
      <line num="708" count="7" type="cond" truecount="3" falsecount="0"/>
      <line num="709" count="1" type="stmt"/>
      <line num="713" count="7" type="cond" truecount="1" falsecount="0"/>
      <line num="714" count="1" type="stmt"/>
      <line num="715" count="1" type="cond" truecount="0" falsecount="1"/>
      <line num="716" count="0" type="stmt"/>
      <line num="719" count="1" type="cond" truecount="1" falsecount="0"/>
      <line num="720" count="1" type="stmt"/>
      <line num="721" count="1" type="stmt"/>
      <line num="722" count="1" type="stmt"/>
      <line num="723" count="1" type="stmt"/>
      <line num="732" count="2" type="stmt"/>
      <line num="739" count="4" type="cond" truecount="1" falsecount="0"/>
      <line num="740" count="4" type="stmt"/>
      <line num="742" count="4" type="stmt"/>
      <line num="743" count="4" type="cond" truecount="1" falsecount="0"/>
      <line num="744" count="4" type="stmt"/>
      <line num="752" count="1" type="stmt"/>
      <line num="753" count="1" type="cond" truecount="1" falsecount="0"/>
      <line num="754" count="1" type="stmt"/>
      <line num="755" count="1" type="cond" truecount="1" falsecount="0"/>
      <line num="756" count="1" type="stmt"/>
      <line num="766" count="42" type="stmt"/>
      <line num="767" count="24" type="cond" truecount="1" falsecount="0"/>
      <line num="768" count="20" type="stmt"/>
      <line num="773" count="42" type="cond" truecount="1" falsecount="0"/>
      <line num="774" count="40" type="stmt"/>
      <line num="775" count="40" type="stmt"/>
      <line num="776" count="40" type="stmt"/>
      <line num="780" count="42" type="stmt"/>
      <line num="781" count="42" type="cond" truecount="1" falsecount="0"/>
      <line num="782" count="39" type="stmt"/>
      <line num="785" count="42" type="stmt"/>
      <line num="786" count="42" type="cond" truecount="1" falsecount="0"/>
      <line num="787" count="1" type="stmt"/>
      <line num="791" count="42" type="stmt"/>
      <line num="792" count="42" type="stmt"/>
      <line num="793" count="42" type="stmt"/>
    </file>
    <file name="ToastBuilder.ts" path="C:\Users\sukar\Desktop\Coding\ModernToastsProject\ModernToasts\src\ToastBuilder.ts">
      <metrics statements="98" coveredstatements="98" conditionals="18" coveredconditionals="17" methods="16" coveredmethods="16"/>
      <line num="2" count="2" type="stmt"/>
      <line num="3" count="2" type="stmt"/>
      <line num="18" count="2" type="stmt"/>
      <line num="28" count="55" type="stmt"/>
      <line num="37" count="55" type="stmt"/>
      <line num="38" count="55" type="cond" truecount="1" falsecount="1"/>
      <line num="39" count="55" type="stmt"/>
      <line num="40" count="55" type="stmt"/>
      <line num="41" count="55" type="stmt"/>
      <line num="42" count="55" type="stmt"/>
      <line num="43" count="55" type="stmt"/>
      <line num="50" count="55" type="stmt"/>
      <line num="51" count="55" type="stmt"/>
      <line num="53" count="55" type="stmt"/>
      <line num="54" count="55" type="cond" truecount="1" falsecount="0"/>
      <line num="55" count="2" type="stmt"/>
      <line num="57" count="55" type="cond" truecount="1" falsecount="0"/>
      <line num="58" count="2" type="stmt"/>
      <line num="61" count="55" type="stmt"/>
      <line num="62" count="55" type="stmt"/>
      <line num="63" count="55" type="stmt"/>
      <line num="64" count="55" type="stmt"/>
      <line num="66" count="55" type="stmt"/>
      <line num="73" count="44" type="stmt"/>
      <line num="74" count="265" type="stmt"/>
      <line num="75" count="44" type="stmt"/>
      <line num="82" count="44" type="stmt"/>
      <line num="83" count="44" type="stmt"/>
      <line num="85" count="44" type="stmt"/>
      <line num="86" count="265" type="stmt"/>
      <line num="87" count="265" type="stmt"/>
      <line num="90" count="265" type="stmt"/>
      <line num="91" count="439" type="stmt"/>
      <line num="94" count="265" type="stmt"/>
      <line num="97" count="44" type="stmt"/>
      <line num="104" count="44" type="cond" truecount="3" falsecount="0"/>
      <line num="106" count="2" type="stmt"/>
      <line num="117" count="1" type="stmt"/>
      <line num="126" count="41" type="stmt"/>
      <line num="141" count="43" type="stmt"/>
      <line num="142" count="43" type="stmt"/>
      <line num="145" count="43" type="cond" truecount="4" falsecount="0"/>
      <line num="146" count="2" type="stmt"/>
      <line num="147" count="2" type="stmt"/>
      <line num="149" count="41" type="stmt"/>
      <line num="152" count="43" type="stmt"/>
      <line num="153" count="43" type="stmt"/>
      <line num="160" count="44" type="stmt"/>
      <line num="161" count="44" type="stmt"/>
      <line num="164" count="44" type="stmt"/>
      <line num="165" count="44" type="stmt"/>
      <line num="168" count="44" type="stmt"/>
      <line num="169" count="44" type="stmt"/>
      <line num="172" count="44" type="cond" truecount="1" falsecount="0"/>
      <line num="173" count="42" type="stmt"/>
      <line num="174" count="42" type="stmt"/>
      <line num="177" count="44" type="stmt"/>
      <line num="178" count="44" type="stmt"/>
      <line num="185" count="44" type="stmt"/>
      <line num="186" count="44" type="stmt"/>
      <line num="189" count="44" type="cond" truecount="2" falsecount="0"/>
      <line num="190" count="44" type="stmt"/>
      <line num="192" count="44" type="stmt"/>
      <line num="199" count="44" type="stmt"/>
      <line num="200" count="44" type="stmt"/>
      <line num="202" count="44" type="stmt"/>
      <line num="203" count="44" type="stmt"/>
      <line num="204" count="44" type="stmt"/>
      <line num="206" count="44" type="stmt"/>
      <line num="207" count="44" type="stmt"/>
      <line num="208" count="44" type="stmt"/>
      <line num="210" count="44" type="stmt"/>
      <line num="211" count="44" type="stmt"/>
      <line num="213" count="44" type="stmt"/>
      <line num="220" count="42" type="stmt"/>
      <line num="221" count="42" type="stmt"/>
      <line num="223" count="42" type="stmt"/>
      <line num="224" count="42" type="stmt"/>
      <line num="225" count="42" type="stmt"/>
      <line num="226" count="42" type="stmt"/>
      <line num="229" count="42" type="stmt"/>
      <line num="231" count="42" type="stmt"/>
      <line num="232" count="42" type="stmt"/>
      <line num="239" count="43" type="stmt"/>
      <line num="241" count="43" type="cond" truecount="1" falsecount="0"/>
      <line num="242" count="2" type="stmt"/>
      <line num="245" count="43" type="cond" truecount="1" falsecount="0"/>
      <line num="246" count="2" type="stmt"/>
      <line num="249" count="43" type="cond" truecount="1" falsecount="0"/>
      <line num="250" count="2" type="stmt"/>
      <line num="252" count="2" type="stmt"/>
      <line num="253" count="2" type="stmt"/>
      <line num="254" count="12" type="stmt"/>
      <line num="258" count="43" type="cond" truecount="1" falsecount="0"/>
      <line num="259" count="2" type="stmt"/>
      <line num="262" count="43" type="stmt"/>
      <line num="270" count="55" type="stmt"/>
      <line num="271" count="55" type="stmt"/>
    </file>
    <file name="constants.ts" path="C:\Users\sukar\Desktop\Coding\ModernToastsProject\ModernToasts\src\constants.ts">
      <metrics statements="5" coveredstatements="5" conditionals="0" coveredconditionals="0" methods="0" coveredmethods="0"/>
      <line num="4" count="2" type="stmt"/>
      <line num="16" count="2" type="stmt"/>
      <line num="31" count="2" type="stmt"/>
      <line num="53" count="2" type="stmt"/>
      <line num="64" count="2" type="stmt"/>
    </file>
    <file name="types.ts" path="C:\Users\sukar\Desktop\Coding\ModernToastsProject\ModernToasts\src\types.ts">
      <metrics statements="5" coveredstatements="5" conditionals="2" coveredconditionals="2" methods="1" coveredmethods="1"/>
      <line num="4" count="2" type="cond" truecount="2" falsecount="0"/>
      <line num="5" count="2" type="stmt"/>
      <line num="6" count="2" type="stmt"/>
      <line num="7" count="2" type="stmt"/>
      <line num="8" count="2" type="stmt"/>
    </file>
    <file name="utils.ts" path="C:\Users\sukar\Desktop\Coding\ModernToastsProject\ModernToasts\src\utils.ts">
      <metrics statements="55" coveredstatements="54" conditionals="37" coveredconditionals="35" methods="11" coveredmethods="10"/>
      <line num="6" count="3" type="stmt"/>
      <line num="7" count="47" type="stmt"/>
      <line num="8" count="47" type="stmt"/>
      <line num="9" count="47" type="stmt"/>
      <line num="15" count="3" type="stmt"/>
      <line num="16" count="47" type="cond" truecount="1" falsecount="0"/>
      <line num="17" count="11" type="cond" truecount="3" falsecount="0"/>
      <line num="18" count="3" type="stmt"/>
      <line num="22" count="44" type="cond" truecount="1" falsecount="0"/>
      <line num="23" count="2" type="stmt"/>
      <line num="24" count="2" type="cond" truecount="1" falsecount="0"/>
      <line num="25" count="1" type="stmt"/>
      <line num="29" count="43" type="cond" truecount="1" falsecount="0"/>
      <line num="30" count="3" type="stmt"/>
      <line num="31" count="3" type="cond" truecount="1" falsecount="0"/>
      <line num="32" count="1" type="stmt"/>
      <line num="40" count="3" type="stmt"/>
      <line num="41" count="15" type="cond" truecount="1" falsecount="0"/>
      <line num="42" count="5" type="cond" truecount="3" falsecount="0"/>
      <line num="43" count="3" type="stmt"/>
      <line num="47" count="12" type="cond" truecount="1" falsecount="0"/>
      <line num="48" count="2" type="cond" truecount="3" falsecount="0"/>
      <line num="49" count="1" type="stmt"/>
      <line num="53" count="11" type="cond" truecount="1" falsecount="0"/>
      <line num="54" count="2" type="cond" truecount="3" falsecount="0"/>
      <line num="55" count="1" type="stmt"/>
      <line num="59" count="10" type="cond" truecount="1" falsecount="0"/>
      <line num="60" count="1" type="cond" truecount="3" falsecount="0"/>
      <line num="61" count="1" type="stmt"/>
      <line num="69" count="3" type="stmt"/>
      <line num="75" count="2" type="stmt"/>
      <line num="76" count="5" type="stmt"/>
      <line num="77" count="3" type="stmt"/>
      <line num="78" count="3" type="stmt"/>
      <line num="81" count="5" type="stmt"/>
      <line num="82" count="5" type="stmt"/>
      <line num="89" count="3" type="stmt"/>
      <line num="90" count="1040" type="stmt"/>
      <line num="96" count="3" type="stmt"/>
      <line num="97" count="16" type="cond" truecount="3" falsecount="0"/>
      <line num="98" count="10" type="stmt"/>
      <line num="100" count="6" type="cond" truecount="1" falsecount="0"/>
      <line num="101" count="1" type="stmt"/>
      <line num="103" count="5" type="cond" truecount="1" falsecount="0"/>
      <line num="105" count="5" type="stmt"/>
      <line num="108" count="3" type="stmt"/>
      <line num="109" count="3" type="stmt"/>
      <line num="110" count="4" type="cond" truecount="1" falsecount="0"/>
      <line num="111" count="4" type="stmt"/>
      <line num="114" count="3" type="stmt"/>
      <line num="120" count="3" type="stmt"/>
      <line num="121" count="2" type="cond" truecount="3" falsecount="0"/>
      <line num="127" count="3" type="cond" truecount="1" falsecount="1"/>
      <line num="129" count="0" type="stmt"/>
      <line num="134" count="3" type="cond" truecount="1" falsecount="1"/>
    </file>
  </project>
</coverage>
