{"C:\\Users\\sukar\\Desktop\\Coding\\ModernToastsProject\\ModernToasts\\src\\ModernToasts.ts": {"path":"C:\\Users\\sukar\\Desktop\\Coding\\ModernToastsProject\\ModernToasts\\src\\ModernToasts.ts","statementMap":{"0":{"start":{"line":1,"column":0},"end":{"line":1,"column":null}},"1":{"start":{"line":12,"column":0},"end":{"line":12,"column":null}},"2":{"start":{"line":19,"column":0},"end":{"line":19,"column":null}},"3":{"start":{"line":25,"column":0},"end":{"line":25,"column":46}},"4":{"start":{"line":30,"column":14},"end":{"line":36,"column":2}},"5":{"start":{"line":42,"column":2},"end":{"line":55,"column":3}},"6":{"start":{"line":45,"column":6},"end":{"line":45,"column":29}},"7":{"start":{"line":48,"column":6},"end":{"line":48,"column":29}},"8":{"start":{"line":50,"column":6},"end":{"line":50,"column":29}},"9":{"start":{"line":52,"column":6},"end":{"line":52,"column":29}},"10":{"start":{"line":54,"column":6},"end":{"line":54,"column":29}},"11":{"start":{"line":61,"column":46},"end":{"line":75,"column":2}},"12":{"start":{"line":80,"column":54},"end":{"line":91,"column":2}},"13":{"start":{"line":96,"column":20},"end":{"line":129,"column":2}},"14":{"start":{"line":137,"column":10},"end":{"line":137,"column":35}},"15":{"start":{"line":138,"column":10},"end":{"line":138,"column":47}},"16":{"start":{"line":139,"column":10},"end":{"line":139,"column":52}},"17":{"start":{"line":140,"column":10},"end":{"line":140,"column":76}},"18":{"start":{"line":141,"column":10},"end":{"line":141,"column":32}},"19":{"start":{"line":144,"column":4},"end":{"line":144,"column":51}},"20":{"start":{"line":145,"column":4},"end":{"line":145,"column":16}},"21":{"start":{"line":152,"column":4},"end":{"line":154,"column":5}},"22":{"start":{"line":153,"column":6},"end":{"line":153,"column":13}},"23":{"start":{"line":157,"column":4},"end":{"line":157,"column":21}},"24":{"start":{"line":160,"column":4},"end":{"line":160,"column":27}},"25":{"start":{"line":163,"column":4},"end":{"line":163,"column":31}},"26":{"start":{"line":165,"column":4},"end":{"line":165,"column":30}},"27":{"start":{"line":172,"column":4},"end":{"line":174,"column":5}},"28":{"start":{"line":173,"column":6},"end":{"line":173,"column":13}},"29":{"start":{"line":176,"column":18},"end":{"line":176,"column":49}},"30":{"start":{"line":177,"column":4},"end":{"line":177,"column":35}},"31":{"start":{"line":180,"column":4},"end":{"line":180,"column":48}},"32":{"start":{"line":182,"column":4},"end":{"line":182,"column":37}},"33":{"start":{"line":185,"column":4},"end":{"line":190,"column":5}},"34":{"start":{"line":186,"column":26},"end":{"line":186,"column":57}},"35":{"start":{"line":187,"column":6},"end":{"line":187,"column":50}},"36":{"start":{"line":188,"column":6},"end":{"line":188,"column":54}},"37":{"start":{"line":189,"column":6},"end":{"line":189,"column":45}},"38":{"start":{"line":198,"column":30},"end":{"line":198,"column":81}},"39":{"start":{"line":199,"column":4},"end":{"line":203,"column":5}},"40":{"start":{"line":200,"column":6},"end":{"line":200,"column":56}},"41":{"start":{"line":201,"column":6},"end":{"line":201,"column":110}},"42":{"start":{"line":202,"column":6},"end":{"line":202,"column":13}},"43":{"start":{"line":205,"column":4},"end":{"line":205,"column":51}},"44":{"start":{"line":206,"column":4},"end":{"line":206,"column":53}},"45":{"start":{"line":207,"column":4},"end":{"line":207,"column":55}},"46":{"start":{"line":209,"column":4},"end":{"line":209,"column":56}},"47":{"start":{"line":210,"column":4},"end":{"line":210,"column":64}},"48":{"start":{"line":212,"column":4},"end":{"line":212,"column":52}},"49":{"start":{"line":213,"column":4},"end":{"line":213,"column":46}},"50":{"start":{"line":216,"column":4},"end":{"line":216,"column":35}},"51":{"start":{"line":223,"column":4},"end":{"line":225,"column":5}},"52":{"start":{"line":224,"column":6},"end":{"line":224,"column":13}},"53":{"start":{"line":228,"column":4},"end":{"line":232,"column":7}},"54":{"start":{"line":229,"column":6},"end":{"line":231,"column":7}},"55":{"start":{"line":230,"column":8},"end":{"line":230,"column":45}},"56":{"start":{"line":235,"column":26},"end":{"line":235,"column":60}},"57":{"start":{"line":236,"column":4},"end":{"line":236,"column":48}},"58":{"start":{"line":243,"column":17},"end":{"line":243,"column":41}},"59":{"start":{"line":244,"column":4},"end":{"line":244,"column":83}},"60":{"start":{"line":252,"column":30},"end":{"line":256,"column":61}},"61":{"start":{"line":257,"column":4},"end":{"line":257,"column":69}},"62":{"start":{"line":264,"column":19},"end":{"line":264,"column":46}},"63":{"start":{"line":266,"column":20},"end":{"line":274,"column":null}},"64":{"start":{"line":277,"column":20},"end":{"line":282,"column":14}},"65":{"start":{"line":285,"column":4},"end":{"line":285,"column":54}},"66":{"start":{"line":287,"column":4},"end":{"line":287,"column":19}},"67":{"start":{"line":295,"column":24},"end":{"line":295,"column":104}},"68":{"start":{"line":296,"column":4},"end":{"line":312,"column":5}},"69":{"start":{"line":297,"column":28},"end":{"line":301,"column":7}},"70":{"start":{"line":298,"column":8},"end":{"line":298,"column":27}},"71":{"start":{"line":299,"column":8},"end":{"line":299,"column":28}},"72":{"start":{"line":300,"column":8},"end":{"line":300,"column":39}},"73":{"start":{"line":303,"column":6},"end":{"line":303,"column":79}},"74":{"start":{"line":304,"column":6},"end":{"line":307,"column":29}},"75":{"start":{"line":305,"column":8},"end":{"line":305,"column":27}},"76":{"start":{"line":306,"column":8},"end":{"line":306,"column":28}},"77":{"start":{"line":310,"column":6},"end":{"line":310,"column":42}},"78":{"start":{"line":311,"column":6},"end":{"line":311,"column":52}},"79":{"start":{"line":315,"column":4},"end":{"line":343,"column":5}},"80":{"start":{"line":316,"column":26},"end":{"line":316,"column":55}},"81":{"start":{"line":319,"column":33},"end":{"line":324,"column":7}},"82":{"start":{"line":320,"column":8},"end":{"line":323,"column":9}},"83":{"start":{"line":321,"column":10},"end":{"line":321,"column":40}},"84":{"start":{"line":322,"column":10},"end":{"line":322,"column":39}},"85":{"start":{"line":326,"column":33},"end":{"line":335,"column":7}},"86":{"start":{"line":327,"column":8},"end":{"line":334,"column":9}},"87":{"start":{"line":328,"column":26},"end":{"line":328,"column":58}},"88":{"start":{"line":329,"column":10},"end":{"line":329,"column":82}},"89":{"start":{"line":331,"column":10},"end":{"line":333,"column":28}},"90":{"start":{"line":332,"column":12},"end":{"line":332,"column":43}},"91":{"start":{"line":337,"column":6},"end":{"line":337,"column":65}},"92":{"start":{"line":338,"column":6},"end":{"line":338,"column":65}},"93":{"start":{"line":341,"column":6},"end":{"line":341,"column":56}},"94":{"start":{"line":342,"column":6},"end":{"line":342,"column":56}},"95":{"start":{"line":350,"column":24},"end":{"line":350,"column":65}},"96":{"start":{"line":351,"column":24},"end":{"line":351,"column":65}},"97":{"start":{"line":354,"column":4},"end":{"line":375,"column":5}},"98":{"start":{"line":356,"column":8},"end":{"line":356,"column":62}},"99":{"start":{"line":359,"column":8},"end":{"line":359,"column":63}},"100":{"start":{"line":362,"column":8},"end":{"line":362,"column":52}},"101":{"start":{"line":365,"column":8},"end":{"line":365,"column":63}},"102":{"start":{"line":368,"column":8},"end":{"line":368,"column":64}},"103":{"start":{"line":371,"column":8},"end":{"line":371,"column":53}},"104":{"start":{"line":374,"column":8},"end":{"line":374,"column":62}},"105":{"start":{"line":382,"column":4},"end":{"line":384,"column":5}},"106":{"start":{"line":383,"column":6},"end":{"line":383,"column":13}},"107":{"start":{"line":386,"column":26},"end":{"line":386,"column":77}},"108":{"start":{"line":389,"column":28},"end":{"line":389,"column":68}},"109":{"start":{"line":390,"column":4},"end":{"line":396,"column":7}},"110":{"start":{"line":391,"column":22},"end":{"line":391,"column":73}},"111":{"start":{"line":392,"column":26},"end":{"line":392,"column":75}},"112":{"start":{"line":392,"column":54},"end":{"line":392,"column":74}},"113":{"start":{"line":393,"column":6},"end":{"line":395,"column":7}},"114":{"start":{"line":394,"column":8},"end":{"line":394,"column":25}},"115":{"start":{"line":398,"column":4},"end":{"line":445,"column":7}},"116":{"start":{"line":399,"column":6},"end":{"line":401,"column":7}},"117":{"start":{"line":400,"column":8},"end":{"line":400,"column":15}},"118":{"start":{"line":403,"column":29},"end":{"line":403,"column":83}},"119":{"start":{"line":405,"column":27},"end":{"line":405,"column":84}},"120":{"start":{"line":406,"column":25},"end":{"line":406,"column":80}},"121":{"start":{"line":407,"column":33},"end":{"line":407,"column":78}},"122":{"start":{"line":408,"column":21},"end":{"line":408,"column":85}},"123":{"start":{"line":411,"column":6},"end":{"line":418,"column":7}},"124":{"start":{"line":412,"column":33},"end":{"line":412,"column":80}},"125":{"start":{"line":413,"column":8},"end":{"line":413,"column":182}},"126":{"start":{"line":414,"column":8},"end":{"line":414,"column":104}},"127":{"start":{"line":415,"column":30},"end":{"line":415,"column":98}},"128":{"start":{"line":416,"column":8},"end":{"line":416,"column":40}},"129":{"start":{"line":417,"column":8},"end":{"line":417,"column":40}},"130":{"start":{"line":421,"column":24},"end":{"line":421,"column":64}},"131":{"start":{"line":422,"column":27},"end":{"line":422,"column":93}},"132":{"start":{"line":425,"column":22},"end":{"line":425,"column":35}},"133":{"start":{"line":426,"column":6},"end":{"line":426,"column":76}},"134":{"start":{"line":427,"column":6},"end":{"line":427,"column":74}},"135":{"start":{"line":428,"column":6},"end":{"line":428,"column":68}},"136":{"start":{"line":429,"column":6},"end":{"line":429,"column":68}},"137":{"start":{"line":430,"column":6},"end":{"line":430,"column":70}},"138":{"start":{"line":433,"column":6},"end":{"line":439,"column":7}},"139":{"start":{"line":434,"column":8},"end":{"line":434,"column":57}},"140":{"start":{"line":435,"column":8},"end":{"line":435,"column":61}},"141":{"start":{"line":437,"column":8},"end":{"line":437,"column":60}},"142":{"start":{"line":438,"column":8},"end":{"line":438,"column":58}},"143":{"start":{"line":442,"column":6},"end":{"line":444,"column":7}},"144":{"start":{"line":443,"column":8},"end":{"line":443,"column":55}},"145":{"start":{"line":452,"column":4},"end":{"line":467,"column":7}},"146":{"start":{"line":453,"column":6},"end":{"line":455,"column":7}},"147":{"start":{"line":454,"column":8},"end":{"line":454,"column":15}},"148":{"start":{"line":458,"column":6},"end":{"line":458,"column":101}},"149":{"start":{"line":461,"column":6},"end":{"line":463,"column":7}},"150":{"start":{"line":462,"column":8},"end":{"line":462,"column":69}},"151":{"start":{"line":464,"column":6},"end":{"line":466,"column":7}},"152":{"start":{"line":465,"column":8},"end":{"line":465,"column":67}},"153":{"start":{"line":475,"column":4},"end":{"line":475,"column":34}},"154":{"start":{"line":477,"column":15},"end":{"line":477,"column":33}},"155":{"start":{"line":480,"column":50},"end":{"line":485,"column":6}},"156":{"start":{"line":487,"column":33},"end":{"line":496,"column":6}},"157":{"start":{"line":498,"column":20},"end":{"line":498,"column":54}},"158":{"start":{"line":499,"column":4},"end":{"line":499,"column":32}},"159":{"start":{"line":502,"column":4},"end":{"line":502,"column":35}},"160":{"start":{"line":505,"column":4},"end":{"line":510,"column":5}},"161":{"start":{"line":506,"column":26},"end":{"line":506,"column":43}},"162":{"start":{"line":507,"column":6},"end":{"line":509,"column":7}},"163":{"start":{"line":508,"column":8},"end":{"line":508,"column":37}},"164":{"start":{"line":512,"column":4},"end":{"line":514,"column":5}},"165":{"start":{"line":513,"column":6},"end":{"line":513,"column":47}},"166":{"start":{"line":517,"column":4},"end":{"line":517,"column":38}},"167":{"start":{"line":518,"column":4},"end":{"line":518,"column":34}},"168":{"start":{"line":521,"column":21},"end":{"line":521,"column":118}},"169":{"start":{"line":522,"column":4},"end":{"line":522,"column":57}},"170":{"start":{"line":525,"column":4},"end":{"line":531,"column":7}},"171":{"start":{"line":526,"column":6},"end":{"line":526,"column":39}},"172":{"start":{"line":527,"column":6},"end":{"line":527,"column":36}},"173":{"start":{"line":530,"column":6},"end":{"line":530,"column":35}},"174":{"start":{"line":534,"column":4},"end":{"line":538,"column":5}},"175":{"start":{"line":535,"column":6},"end":{"line":537,"column":19}},"176":{"start":{"line":536,"column":8},"end":{"line":536,"column":29}},"177":{"start":{"line":540,"column":4},"end":{"line":540,"column":14}},"178":{"start":{"line":547,"column":23},"end":{"line":547,"column":62}},"179":{"start":{"line":547,"column":50},"end":{"line":547,"column":61}},"180":{"start":{"line":548,"column":4},"end":{"line":550,"column":5}},"181":{"start":{"line":549,"column":6},"end":{"line":549,"column":13}},"182":{"start":{"line":552,"column":22},"end":{"line":552,"column":45}},"183":{"start":{"line":553,"column":4},"end":{"line":555,"column":5}},"184":{"start":{"line":554,"column":6},"end":{"line":554,"column":13}},"185":{"start":{"line":558,"column":4},"end":{"line":560,"column":5}},"186":{"start":{"line":559,"column":6},"end":{"line":559,"column":13}},"187":{"start":{"line":561,"column":4},"end":{"line":561,"column":32}},"188":{"start":{"line":564,"column":4},"end":{"line":567,"column":5}},"189":{"start":{"line":565,"column":6},"end":{"line":565,"column":36}},"190":{"start":{"line":566,"column":6},"end":{"line":566,"column":34}},"191":{"start":{"line":570,"column":4},"end":{"line":570,"column":47}},"192":{"start":{"line":573,"column":4},"end":{"line":573,"column":36}},"193":{"start":{"line":576,"column":4},"end":{"line":576,"column":48}},"194":{"start":{"line":577,"column":4},"end":{"line":577,"column":34}},"195":{"start":{"line":580,"column":4},"end":{"line":593,"column":39}},"196":{"start":{"line":582,"column":6},"end":{"line":584,"column":7}},"197":{"start":{"line":583,"column":8},"end":{"line":583,"column":35}},"198":{"start":{"line":587,"column":27},"end":{"line":587,"column":66}},"199":{"start":{"line":587,"column":54},"end":{"line":587,"column":65}},"200":{"start":{"line":588,"column":6},"end":{"line":592,"column":7}},"201":{"start":{"line":589,"column":8},"end":{"line":589,"column":44}},"202":{"start":{"line":591,"column":8},"end":{"line":591,"column":38}},"203":{"start":{"line":600,"column":4},"end":{"line":602,"column":5}},"204":{"start":{"line":601,"column":6},"end":{"line":601,"column":88}},"205":{"start":{"line":604,"column":4},"end":{"line":611,"column":5}},"206":{"start":{"line":605,"column":6},"end":{"line":607,"column":7}},"207":{"start":{"line":606,"column":8},"end":{"line":606,"column":90}},"208":{"start":{"line":608,"column":6},"end":{"line":610,"column":7}},"209":{"start":{"line":609,"column":8},"end":{"line":609,"column":90}},"210":{"start":{"line":618,"column":22},"end":{"line":618,"column":58}},"211":{"start":{"line":619,"column":4},"end":{"line":625,"column":7}},"212":{"start":{"line":620,"column":6},"end":{"line":624,"column":7}},"213":{"start":{"line":621,"column":8},"end":{"line":621,"column":24}},"214":{"start":{"line":623,"column":8},"end":{"line":623,"column":63}},"215":{"start":{"line":632,"column":4},"end":{"line":632,"column":49}},"216":{"start":{"line":639,"column":4},"end":{"line":639,"column":58}},"217":{"start":{"line":646,"column":4},"end":{"line":646,"column":56}},"218":{"start":{"line":653,"column":4},"end":{"line":653,"column":55}},"219":{"start":{"line":660,"column":4},"end":{"line":660,"column":58}},"220":{"start":{"line":667,"column":4},"end":{"line":667,"column":25}},"221":{"start":{"line":674,"column":21},"end":{"line":674,"column":47}},"222":{"start":{"line":674,"column":42},"end":{"line":674,"column":46}},"223":{"start":{"line":675,"column":4},"end":{"line":675,"column":45}},"224":{"start":{"line":675,"column":27},"end":{"line":675,"column":43}},"225":{"start":{"line":683,"column":4},"end":{"line":683,"column":27}},"226":{"start":{"line":686,"column":4},"end":{"line":688,"column":5}},"227":{"start":{"line":687,"column":6},"end":{"line":687,"column":80}},"228":{"start":{"line":690,"column":4},"end":{"line":690,"column":48}},"229":{"start":{"line":693,"column":4},"end":{"line":695,"column":5}},"230":{"start":{"line":694,"column":6},"end":{"line":694,"column":37}},"231":{"start":{"line":698,"column":4},"end":{"line":698,"column":31}},"232":{"start":{"line":701,"column":4},"end":{"line":705,"column":5}},"233":{"start":{"line":704,"column":6},"end":{"line":704,"column":36}},"234":{"start":{"line":708,"column":4},"end":{"line":710,"column":5}},"235":{"start":{"line":709,"column":6},"end":{"line":709,"column":36}},"236":{"start":{"line":713,"column":4},"end":{"line":725,"column":5}},"237":{"start":{"line":714,"column":29},"end":{"line":714,"column":80}},"238":{"start":{"line":715,"column":6},"end":{"line":717,"column":7}},"239":{"start":{"line":716,"column":8},"end":{"line":716,"column":32}},"240":{"start":{"line":719,"column":6},"end":{"line":724,"column":7}},"241":{"start":{"line":720,"column":28},"end":{"line":720,"column":59}},"242":{"start":{"line":721,"column":8},"end":{"line":721,"column":52}},"243":{"start":{"line":722,"column":8},"end":{"line":722,"column":56}},"244":{"start":{"line":723,"column":8},"end":{"line":723,"column":47}},"245":{"start":{"line":732,"column":4},"end":{"line":732,"column":30}},"246":{"start":{"line":739,"column":4},"end":{"line":741,"column":5}},"247":{"start":{"line":740,"column":6},"end":{"line":740,"column":41}},"248":{"start":{"line":742,"column":22},"end":{"line":742,"column":52}},"249":{"start":{"line":743,"column":4},"end":{"line":745,"column":5}},"250":{"start":{"line":744,"column":6},"end":{"line":744,"column":31}},"251":{"start":{"line":752,"column":22},"end":{"line":752,"column":52}},"252":{"start":{"line":753,"column":4},"end":{"line":758,"column":5}},"253":{"start":{"line":754,"column":20},"end":{"line":754,"column":47}},"254":{"start":{"line":755,"column":6},"end":{"line":757,"column":7}},"255":{"start":{"line":756,"column":8},"end":{"line":756,"column":35}},"256":{"start":{"line":766,"column":4},"end":{"line":770,"column":7}},"257":{"start":{"line":767,"column":6},"end":{"line":769,"column":7}},"258":{"start":{"line":768,"column":8},"end":{"line":768,"column":34}},"259":{"start":{"line":773,"column":4},"end":{"line":777,"column":5}},"260":{"start":{"line":774,"column":6},"end":{"line":774,"column":30}},"261":{"start":{"line":775,"column":6},"end":{"line":775,"column":28}},"262":{"start":{"line":776,"column":6},"end":{"line":776,"column":33}},"263":{"start":{"line":780,"column":19},"end":{"line":780,"column":63}},"264":{"start":{"line":781,"column":4},"end":{"line":783,"column":5}},"265":{"start":{"line":782,"column":6},"end":{"line":782,"column":22}},"266":{"start":{"line":785,"column":25},"end":{"line":785,"column":76}},"267":{"start":{"line":786,"column":4},"end":{"line":788,"column":5}},"268":{"start":{"line":787,"column":6},"end":{"line":787,"column":28}},"269":{"start":{"line":791,"column":4},"end":{"line":791,"column":21}},"270":{"start":{"line":792,"column":4},"end":{"line":792,"column":32}},"271":{"start":{"line":793,"column":4},"end":{"line":793,"column":31}},"272":{"start":{"line":135,"column":0},"end":{"line":135,"column":13}}},"fnMap":{"0":{"name":"getDefaultAnimationDirection","decl":{"start":{"line":41,"column":9},"end":{"line":41,"column":37}},"loc":{"start":{"line":41,"column":61},"end":{"line":56,"column":1}}},"1":{"name":"(anonymous_1)","decl":{"start":{"line":143,"column":2},"end":{"line":143,"column":14}},"loc":{"start":{"line":143,"column":43},"end":{"line":146,"column":3}}},"2":{"name":"(anonymous_2)","decl":{"start":{"line":151,"column":10},"end":{"line":151,"column":14}},"loc":{"start":{"line":151,"column":14},"end":{"line":166,"column":3}}},"3":{"name":"(anonymous_3)","decl":{"start":{"line":171,"column":10},"end":{"line":171,"column":19}},"loc":{"start":{"line":171,"column":19},"end":{"line":191,"column":3}}},"4":{"name":"(anonymous_4)","decl":{"start":{"line":196,"column":10},"end":{"line":196,"column":25}},"loc":{"start":{"line":196,"column":25},"end":{"line":217,"column":3}}},"5":{"name":"(anonymous_5)","decl":{"start":{"line":222,"column":10},"end":{"line":222,"column":33}},"loc":{"start":{"line":222,"column":33},"end":{"line":237,"column":3}}},"6":{"name":"(anonymous_6)","decl":{"start":{"line":228,"column":29},"end":{"line":228,"column":32}},"loc":{"start":{"line":228,"column":35},"end":{"line":232,"column":5}}},"7":{"name":"(anonymous_7)","decl":{"start":{"line":242,"column":10},"end":{"line":242,"column":29}},"loc":{"start":{"line":242,"column":29},"end":{"line":245,"column":3}}},"8":{"name":"(anonymous_8)","decl":{"start":{"line":250,"column":10},"end":{"line":250,"column":38}},"loc":{"start":{"line":250,"column":77},"end":{"line":258,"column":3}}},"9":{"name":"(anonymous_9)","decl":{"start":{"line":263,"column":10},"end":{"line":263,"column":28}},"loc":{"start":{"line":263,"column":49},"end":{"line":288,"column":3}}},"10":{"name":"(anonymous_10)","decl":{"start":{"line":293,"column":10},"end":{"line":293,"column":34}},"loc":{"start":{"line":293,"column":77},"end":{"line":344,"column":3}}},"11":{"name":"(anonymous_11)","decl":{"start":{"line":297,"column":28},"end":{"line":297,"column":29}},"loc":{"start":{"line":297,"column":47},"end":{"line":301,"column":7}}},"12":{"name":"(anonymous_12)","decl":{"start":{"line":304,"column":48},"end":{"line":304,"column":49}},"loc":{"start":{"line":304,"column":54},"end":{"line":307,"column":7}}},"13":{"name":"(anonymous_13)","decl":{"start":{"line":319,"column":33},"end":{"line":319,"column":42}},"loc":{"start":{"line":319,"column":44},"end":{"line":324,"column":7}}},"14":{"name":"(anonymous_14)","decl":{"start":{"line":326,"column":33},"end":{"line":326,"column":42}},"loc":{"start":{"line":326,"column":44},"end":{"line":335,"column":7}}},"15":{"name":"(anonymous_15)","decl":{"start":{"line":331,"column":46},"end":{"line":331,"column":49}},"loc":{"start":{"line":331,"column":51},"end":{"line":333,"column":11}}},"16":{"name":"(anonymous_16)","decl":{"start":{"line":349,"column":10},"end":{"line":349,"column":34}},"loc":{"start":{"line":349,"column":57},"end":{"line":376,"column":3}}},"17":{"name":"(anonymous_17)","decl":{"start":{"line":381,"column":10},"end":{"line":381,"column":32}},"loc":{"start":{"line":381,"column":32},"end":{"line":446,"column":3}}},"18":{"name":"(anonymous_18)","decl":{"start":{"line":390,"column":28},"end":{"line":390,"column":35}},"loc":{"start":{"line":390,"column":38},"end":{"line":396,"column":5}}},"19":{"name":"(anonymous_19)","decl":{"start":{"line":392,"column":45},"end":{"line":392,"column":50}},"loc":{"start":{"line":392,"column":54},"end":{"line":392,"column":74}}},"20":{"name":"(anonymous_20)","decl":{"start":{"line":398,"column":26},"end":{"line":398,"column":27}},"loc":{"start":{"line":398,"column":43},"end":{"line":445,"column":5}}},"21":{"name":"(anonymous_21)","decl":{"start":{"line":451,"column":10},"end":{"line":451,"column":32}},"loc":{"start":{"line":451,"column":32},"end":{"line":468,"column":3}}},"22":{"name":"(anonymous_22)","decl":{"start":{"line":452,"column":24},"end":{"line":452,"column":29}},"loc":{"start":{"line":452,"column":32},"end":{"line":467,"column":5}}},"23":{"name":"(anonymous_23)","decl":{"start":{"line":473,"column":10},"end":{"line":473,"column":18}},"loc":{"start":{"line":473,"column":79},"end":{"line":541,"column":3}}},"24":{"name":"(anonymous_24)","decl":{"start":{"line":525,"column":8},"end":{"line":525,"column":11}},"loc":{"start":{"line":525,"column":13},"end":{"line":531,"column":5}}},"25":{"name":"(anonymous_25)","decl":{"start":{"line":535,"column":42},"end":{"line":535,"column":45}},"loc":{"start":{"line":535,"column":47},"end":{"line":537,"column":7}}},"26":{"name":"(anonymous_26)","decl":{"start":{"line":546,"column":10},"end":{"line":546,"column":21}},"loc":{"start":{"line":546,"column":32},"end":{"line":594,"column":3}}},"27":{"name":"(anonymous_27)","decl":{"start":{"line":547,"column":45},"end":{"line":547,"column":46}},"loc":{"start":{"line":547,"column":50},"end":{"line":547,"column":61}}},"28":{"name":"(anonymous_28)","decl":{"start":{"line":580,"column":15},"end":{"line":580,"column":18}},"loc":{"start":{"line":580,"column":20},"end":{"line":593,"column":5}}},"29":{"name":"(anonymous_29)","decl":{"start":{"line":587,"column":49},"end":{"line":587,"column":50}},"loc":{"start":{"line":587,"column":54},"end":{"line":587,"column":65}}},"30":{"name":"(anonymous_30)","decl":{"start":{"line":599,"column":10},"end":{"line":599,"column":36}},"loc":{"start":{"line":599,"column":57},"end":{"line":612,"column":3}}},"31":{"name":"(anonymous_31)","decl":{"start":{"line":617,"column":10},"end":{"line":617,"column":14}},"loc":{"start":{"line":617,"column":50},"end":{"line":626,"column":3}}},"32":{"name":"(anonymous_32)","decl":{"start":{"line":619,"column":22},"end":{"line":619,"column":30}},"loc":{"start":{"line":619,"column":33},"end":{"line":625,"column":5}}},"33":{"name":"(anonymous_33)","decl":{"start":{"line":631,"column":2},"end":{"line":631,"column":6}},"loc":{"start":{"line":631,"column":67},"end":{"line":633,"column":3}}},"34":{"name":"(anonymous_34)","decl":{"start":{"line":638,"column":2},"end":{"line":638,"column":9}},"loc":{"start":{"line":638,"column":49},"end":{"line":640,"column":3}}},"35":{"name":"(anonymous_35)","decl":{"start":{"line":645,"column":2},"end":{"line":645,"column":7}},"loc":{"start":{"line":645,"column":47},"end":{"line":647,"column":3}}},"36":{"name":"(anonymous_36)","decl":{"start":{"line":652,"column":2},"end":{"line":652,"column":6}},"loc":{"start":{"line":652,"column":46},"end":{"line":654,"column":3}}},"37":{"name":"(anonymous_37)","decl":{"start":{"line":659,"column":2},"end":{"line":659,"column":9}},"loc":{"start":{"line":659,"column":49},"end":{"line":661,"column":3}}},"38":{"name":"(anonymous_38)","decl":{"start":{"line":666,"column":2},"end":{"line":666,"column":9}},"loc":{"start":{"line":666,"column":20},"end":{"line":668,"column":3}}},"39":{"name":"(anonymous_39)","decl":{"start":{"line":673,"column":2},"end":{"line":673,"column":12}},"loc":{"start":{"line":673,"column":12},"end":{"line":676,"column":3}}},"40":{"name":"(anonymous_40)","decl":{"start":{"line":674,"column":37},"end":{"line":674,"column":38}},"loc":{"start":{"line":674,"column":42},"end":{"line":674,"column":46}}},"41":{"name":"(anonymous_41)","decl":{"start":{"line":675,"column":21},"end":{"line":675,"column":23}},"loc":{"start":{"line":675,"column":27},"end":{"line":675,"column":43}}},"42":{"name":"(anonymous_42)","decl":{"start":{"line":681,"column":2},"end":{"line":681,"column":11}},"loc":{"start":{"line":681,"column":40},"end":{"line":726,"column":3}}},"43":{"name":"(anonymous_43)","decl":{"start":{"line":731,"column":2},"end":{"line":731,"column":11}},"loc":{"start":{"line":731,"column":11},"end":{"line":733,"column":3}}},"44":{"name":"(anonymous_44)","decl":{"start":{"line":738,"column":2},"end":{"line":738,"column":4}},"loc":{"start":{"line":738,"column":52},"end":{"line":746,"column":3}}},"45":{"name":"(anonymous_45)","decl":{"start":{"line":751,"column":2},"end":{"line":751,"column":5}},"loc":{"start":{"line":751,"column":53},"end":{"line":759,"column":3}}},"46":{"name":"(anonymous_46)","decl":{"start":{"line":764,"column":2},"end":{"line":764,"column":9}},"loc":{"start":{"line":764,"column":9},"end":{"line":794,"column":3}}},"47":{"name":"(anonymous_47)","decl":{"start":{"line":766,"column":24},"end":{"line":766,"column":29}},"loc":{"start":{"line":766,"column":32},"end":{"line":770,"column":5}}}},"branchMap":{"0":{"loc":{"start":{"line":42,"column":2},"end":{"line":55,"column":3}},"type":"switch","locations":[{"start":{"line":43,"column":4},"end":{"line":43,"column":20}},{"start":{"line":44,"column":4},"end":{"line":45,"column":29}},{"start":{"line":46,"column":4},"end":{"line":46,"column":21}},{"start":{"line":47,"column":4},"end":{"line":48,"column":29}},{"start":{"line":49,"column":4},"end":{"line":50,"column":29}},{"start":{"line":51,"column":4},"end":{"line":52,"column":29}},{"start":{"line":53,"column":4},"end":{"line":54,"column":29}}]},"1":{"loc":{"start":{"line":152,"column":4},"end":{"line":154,"column":5}},"type":"if","locations":[{"start":{"line":152,"column":4},"end":{"line":154,"column":5}}]},"2":{"loc":{"start":{"line":172,"column":4},"end":{"line":174,"column":5}},"type":"if","locations":[{"start":{"line":172,"column":4},"end":{"line":174,"column":5}}]},"3":{"loc":{"start":{"line":185,"column":4},"end":{"line":190,"column":5}},"type":"if","locations":[{"start":{"line":185,"column":4},"end":{"line":190,"column":5}}]},"4":{"loc":{"start":{"line":199,"column":4},"end":{"line":203,"column":5}},"type":"if","locations":[{"start":{"line":199,"column":4},"end":{"line":203,"column":5}}]},"5":{"loc":{"start":{"line":223,"column":4},"end":{"line":225,"column":5}},"type":"if","locations":[{"start":{"line":223,"column":4},"end":{"line":225,"column":5}}]},"6":{"loc":{"start":{"line":229,"column":6},"end":{"line":231,"column":7}},"type":"if","locations":[{"start":{"line":229,"column":6},"end":{"line":231,"column":7}}]},"7":{"loc":{"start":{"line":252,"column":30},"end":{"line":256,"column":61}},"type":"cond-expr","locations":[{"start":{"line":253,"column":8},"end":{"line":253,"column":60}},{"start":{"line":254,"column":8},"end":{"line":256,"column":61}}]},"8":{"loc":{"start":{"line":254,"column":8},"end":{"line":256,"column":61}},"type":"cond-expr","locations":[{"start":{"line":255,"column":10},"end":{"line":255,"column":25}},{"start":{"line":256,"column":10},"end":{"line":256,"column":61}}]},"9":{"loc":{"start":{"line":296,"column":4},"end":{"line":312,"column":5}},"type":"if","locations":[{"start":{"line":296,"column":4},"end":{"line":312,"column":5}}]},"10":{"loc":{"start":{"line":315,"column":4},"end":{"line":343,"column":5}},"type":"if","locations":[{"start":{"line":315,"column":4},"end":{"line":343,"column":5}}]},"11":{"loc":{"start":{"line":315,"column":8},"end":{"line":315,"column":75}},"type":"binary-expr","locations":[{"start":{"line":315,"column":8},"end":{"line":315,"column":38}},{"start":{"line":315,"column":42},"end":{"line":315,"column":75}}]},"12":{"loc":{"start":{"line":320,"column":8},"end":{"line":323,"column":9}},"type":"if","locations":[{"start":{"line":320,"column":8},"end":{"line":323,"column":9}}]},"13":{"loc":{"start":{"line":327,"column":8},"end":{"line":334,"column":9}},"type":"if","locations":[{"start":{"line":327,"column":8},"end":{"line":334,"column":9}}]},"14":{"loc":{"start":{"line":327,"column":12},"end":{"line":327,"column":70}},"type":"binary-expr","locations":[{"start":{"line":327,"column":12},"end":{"line":327,"column":45}},{"start":{"line":327,"column":49},"end":{"line":327,"column":70}}]},"15":{"loc":{"start":{"line":354,"column":4},"end":{"line":375,"column":5}},"type":"switch","locations":[{"start":{"line":355,"column":6},"end":{"line":356,"column":62}},{"start":{"line":358,"column":6},"end":{"line":359,"column":63}},{"start":{"line":361,"column":6},"end":{"line":362,"column":52}},{"start":{"line":364,"column":6},"end":{"line":365,"column":63}},{"start":{"line":367,"column":6},"end":{"line":368,"column":64}},{"start":{"line":370,"column":6},"end":{"line":371,"column":53}},{"start":{"line":373,"column":6},"end":{"line":374,"column":62}}]},"16":{"loc":{"start":{"line":382,"column":4},"end":{"line":384,"column":5}},"type":"if","locations":[{"start":{"line":382,"column":4},"end":{"line":384,"column":5}}]},"17":{"loc":{"start":{"line":391,"column":22},"end":{"line":391,"column":73}},"type":"binary-expr","locations":[{"start":{"line":391,"column":22},"end":{"line":391,"column":59}},{"start":{"line":391,"column":63},"end":{"line":391,"column":73}}]},"18":{"loc":{"start":{"line":393,"column":6},"end":{"line":395,"column":7}},"type":"if","locations":[{"start":{"line":393,"column":6},"end":{"line":395,"column":7}}]},"19":{"loc":{"start":{"line":399,"column":6},"end":{"line":401,"column":7}},"type":"if","locations":[{"start":{"line":399,"column":6},"end":{"line":401,"column":7}}]},"20":{"loc":{"start":{"line":411,"column":6},"end":{"line":418,"column":7}},"type":"if","locations":[{"start":{"line":411,"column":6},"end":{"line":418,"column":7}}]},"21":{"loc":{"start":{"line":422,"column":27},"end":{"line":422,"column":93}},"type":"cond-expr","locations":[{"start":{"line":422,"column":39},"end":{"line":422,"column":89}},{"start":{"line":422,"column":92},"end":{"line":422,"column":93}}]},"22":{"loc":{"start":{"line":433,"column":6},"end":{"line":439,"column":7}},"type":"if","locations":[{"start":{"line":433,"column":6},"end":{"line":439,"column":7}},{"start":{"line":436,"column":13},"end":{"line":439,"column":7}}]},"23":{"loc":{"start":{"line":442,"column":6},"end":{"line":444,"column":7}},"type":"if","locations":[{"start":{"line":442,"column":6},"end":{"line":444,"column":7}}]},"24":{"loc":{"start":{"line":442,"column":10},"end":{"line":442,"column":77}},"type":"binary-expr","locations":[{"start":{"line":442,"column":10},"end":{"line":442,"column":29}},{"start":{"line":442,"column":33},"end":{"line":442,"column":77}}]},"25":{"loc":{"start":{"line":453,"column":6},"end":{"line":455,"column":7}},"type":"if","locations":[{"start":{"line":453,"column":6},"end":{"line":455,"column":7}}]},"26":{"loc":{"start":{"line":461,"column":6},"end":{"line":463,"column":7}},"type":"if","locations":[{"start":{"line":461,"column":6},"end":{"line":463,"column":7}}]},"27":{"loc":{"start":{"line":464,"column":6},"end":{"line":466,"column":7}},"type":"if","locations":[{"start":{"line":464,"column":6},"end":{"line":466,"column":7}}]},"28":{"loc":{"start":{"line":473,"column":53},"end":{"line":473,"column":79}},"type":"default-arg","locations":[{"start":{"line":473,"column":77},"end":{"line":473,"column":79}}]},"29":{"loc":{"start":{"line":484,"column":26},"end":{"line":484,"column":86}},"type":"binary-expr","locations":[{"start":{"line":484,"column":26},"end":{"line":484,"column":52}},{"start":{"line":484,"column":56},"end":{"line":484,"column":86}}]},"30":{"loc":{"start":{"line":505,"column":4},"end":{"line":510,"column":5}},"type":"if","locations":[{"start":{"line":505,"column":4},"end":{"line":510,"column":5}}]},"31":{"loc":{"start":{"line":507,"column":6},"end":{"line":509,"column":7}},"type":"if","locations":[{"start":{"line":507,"column":6},"end":{"line":509,"column":7}}]},"32":{"loc":{"start":{"line":507,"column":10},"end":{"line":507,"column":44}},"type":"binary-expr","locations":[{"start":{"line":507,"column":10},"end":{"line":507,"column":21}},{"start":{"line":507,"column":25},"end":{"line":507,"column":44}}]},"33":{"loc":{"start":{"line":512,"column":4},"end":{"line":514,"column":5}},"type":"if","locations":[{"start":{"line":512,"column":4},"end":{"line":514,"column":5}}]},"34":{"loc":{"start":{"line":521,"column":21},"end":{"line":521,"column":118}},"type":"cond-expr","locations":[{"start":{"line":521,"column":63},"end":{"line":521,"column":88}},{"start":{"line":521,"column":91},"end":{"line":521,"column":118}}]},"35":{"loc":{"start":{"line":534,"column":4},"end":{"line":538,"column":5}},"type":"if","locations":[{"start":{"line":534,"column":4},"end":{"line":538,"column":5}}]},"36":{"loc":{"start":{"line":548,"column":4},"end":{"line":550,"column":5}},"type":"if","locations":[{"start":{"line":548,"column":4},"end":{"line":550,"column":5}}]},"37":{"loc":{"start":{"line":553,"column":4},"end":{"line":555,"column":5}},"type":"if","locations":[{"start":{"line":553,"column":4},"end":{"line":555,"column":5}}]},"38":{"loc":{"start":{"line":558,"column":4},"end":{"line":560,"column":5}},"type":"if","locations":[{"start":{"line":558,"column":4},"end":{"line":560,"column":5}}]},"39":{"loc":{"start":{"line":564,"column":4},"end":{"line":567,"column":5}},"type":"if","locations":[{"start":{"line":564,"column":4},"end":{"line":567,"column":5}}]},"40":{"loc":{"start":{"line":582,"column":6},"end":{"line":584,"column":7}},"type":"if","locations":[{"start":{"line":582,"column":6},"end":{"line":584,"column":7}}]},"41":{"loc":{"start":{"line":582,"column":10},"end":{"line":582,"column":59}},"type":"binary-expr","locations":[{"start":{"line":582,"column":10},"end":{"line":582,"column":27}},{"start":{"line":582,"column":31},"end":{"line":582,"column":59}}]},"42":{"loc":{"start":{"line":588,"column":6},"end":{"line":592,"column":7}},"type":"if","locations":[{"start":{"line":588,"column":6},"end":{"line":592,"column":7}}]},"43":{"loc":{"start":{"line":600,"column":4},"end":{"line":602,"column":5}},"type":"if","locations":[{"start":{"line":600,"column":4},"end":{"line":602,"column":5}}]},"44":{"loc":{"start":{"line":600,"column":8},"end":{"line":600,"column":62}},"type":"binary-expr","locations":[{"start":{"line":600,"column":8},"end":{"line":600,"column":29}},{"start":{"line":600,"column":33},"end":{"line":600,"column":62}}]},"45":{"loc":{"start":{"line":604,"column":4},"end":{"line":611,"column":5}},"type":"if","locations":[{"start":{"line":604,"column":4},"end":{"line":611,"column":5}}]},"46":{"loc":{"start":{"line":605,"column":6},"end":{"line":607,"column":7}},"type":"if","locations":[{"start":{"line":605,"column":6},"end":{"line":607,"column":7}}]},"47":{"loc":{"start":{"line":608,"column":6},"end":{"line":610,"column":7}},"type":"if","locations":[{"start":{"line":608,"column":6},"end":{"line":610,"column":7}}]},"48":{"loc":{"start":{"line":618,"column":22},"end":{"line":618,"column":58}},"type":"binary-expr","locations":[{"start":{"line":618,"column":22},"end":{"line":618,"column":52}},{"start":{"line":618,"column":56},"end":{"line":618,"column":58}}]},"49":{"loc":{"start":{"line":631,"column":41},"end":{"line":631,"column":67}},"type":"default-arg","locations":[{"start":{"line":631,"column":65},"end":{"line":631,"column":67}}]},"50":{"loc":{"start":{"line":686,"column":4},"end":{"line":688,"column":5}},"type":"if","locations":[{"start":{"line":686,"column":4},"end":{"line":688,"column":5}}]},"51":{"loc":{"start":{"line":686,"column":8},"end":{"line":686,"column":66}},"type":"binary-expr","locations":[{"start":{"line":686,"column":8},"end":{"line":686,"column":23}},{"start":{"line":686,"column":27},"end":{"line":686,"column":66}}]},"52":{"loc":{"start":{"line":693,"column":4},"end":{"line":695,"column":5}},"type":"if","locations":[{"start":{"line":693,"column":4},"end":{"line":695,"column":5}}]},"53":{"loc":{"start":{"line":701,"column":4},"end":{"line":705,"column":5}},"type":"if","locations":[{"start":{"line":701,"column":4},"end":{"line":705,"column":5}}]},"54":{"loc":{"start":{"line":701,"column":8},"end":{"line":703,"column":50}},"type":"binary-expr","locations":[{"start":{"line":701,"column":8},"end":{"line":701,"column":23}},{"start":{"line":701,"column":27},"end":{"line":701,"column":60}},{"start":{"line":701,"column":64},"end":{"line":701,"column":97}},{"start":{"line":702,"column":8},"end":{"line":702,"column":51}},{"start":{"line":702,"column":55},"end":{"line":702,"column":100}},{"start":{"line":703,"column":8},"end":{"line":703,"column":50}}]},"55":{"loc":{"start":{"line":708,"column":4},"end":{"line":710,"column":5}},"type":"if","locations":[{"start":{"line":708,"column":4},"end":{"line":710,"column":5}}]},"56":{"loc":{"start":{"line":708,"column":8},"end":{"line":708,"column":94}},"type":"binary-expr","locations":[{"start":{"line":708,"column":8},"end":{"line":708,"column":50}},{"start":{"line":708,"column":54},"end":{"line":708,"column":94}}]},"57":{"loc":{"start":{"line":713,"column":4},"end":{"line":725,"column":5}},"type":"if","locations":[{"start":{"line":713,"column":4},"end":{"line":725,"column":5}}]},"58":{"loc":{"start":{"line":715,"column":6},"end":{"line":717,"column":7}},"type":"if","locations":[{"start":{"line":715,"column":6},"end":{"line":717,"column":7}}]},"59":{"loc":{"start":{"line":719,"column":6},"end":{"line":724,"column":7}},"type":"if","locations":[{"start":{"line":719,"column":6},"end":{"line":724,"column":7}}]},"60":{"loc":{"start":{"line":739,"column":4},"end":{"line":741,"column":5}},"type":"if","locations":[{"start":{"line":739,"column":4},"end":{"line":741,"column":5}}]},"61":{"loc":{"start":{"line":743,"column":4},"end":{"line":745,"column":5}},"type":"if","locations":[{"start":{"line":743,"column":4},"end":{"line":745,"column":5}}]},"62":{"loc":{"start":{"line":753,"column":4},"end":{"line":758,"column":5}},"type":"if","locations":[{"start":{"line":753,"column":4},"end":{"line":758,"column":5}}]},"63":{"loc":{"start":{"line":755,"column":6},"end":{"line":757,"column":7}},"type":"if","locations":[{"start":{"line":755,"column":6},"end":{"line":757,"column":7}}]},"64":{"loc":{"start":{"line":767,"column":6},"end":{"line":769,"column":7}},"type":"if","locations":[{"start":{"line":767,"column":6},"end":{"line":769,"column":7}}]},"65":{"loc":{"start":{"line":773,"column":4},"end":{"line":777,"column":5}},"type":"if","locations":[{"start":{"line":773,"column":4},"end":{"line":777,"column":5}}]},"66":{"loc":{"start":{"line":781,"column":4},"end":{"line":783,"column":5}},"type":"if","locations":[{"start":{"line":781,"column":4},"end":{"line":783,"column":5}}]},"67":{"loc":{"start":{"line":786,"column":4},"end":{"line":788,"column":5}},"type":"if","locations":[{"start":{"line":786,"column":4},"end":{"line":788,"column":5}}]}},"s":{"0":1,"1":1,"2":1,"3":1,"4":1,"5":3,"6":1,"7":1,"8":1,"9":0,"10":0,"11":1,"12":1,"13":1,"14":40,"15":40,"16":40,"17":40,"18":40,"19":40,"20":40,"21":40,"22":0,"23":40,"24":40,"25":40,"26":40,"27":40,"28":1,"29":39,"30":39,"31":39,"32":39,"33":39,"34":0,"35":0,"36":0,"37":0,"38":40,"39":40,"40":1,"41":1,"42":1,"43":39,"44":39,"45":39,"46":39,"47":39,"48":39,"49":39,"50":39,"51":41,"52":0,"53":41,"54":246,"55":246,"56":41,"57":41,"58":47,"59":47,"60":39,"61":39,"62":39,"63":39,"64":39,"65":39,"66":39,"67":39,"68":39,"69":38,"70":1,"71":1,"72":1,"73":38,"74":38,"75":0,"76":0,"77":38,"78":38,"79":39,"80":37,"81":37,"82":1,"83":1,"84":1,"85":37,"86":1,"87":1,"88":1,"89":1,"90":1,"91":37,"92":37,"93":37,"94":37,"95":121,"96":121,"97":121,"98":121,"99":0,"100":0,"101":0,"102":0,"103":0,"104":0,"105":88,"106":0,"107":88,"108":88,"109":88,"110":114,"111":114,"112":168,"113":114,"114":0,"115":88,"116":114,"117":0,"118":114,"119":114,"120":114,"121":114,"122":114,"123":114,"124":7,"125":7,"126":7,"127":7,"128":7,"129":7,"130":114,"131":114,"132":114,"133":114,"134":114,"135":114,"136":114,"137":114,"138":114,"139":27,"140":27,"141":87,"142":87,"143":114,"144":0,"145":1,"146":0,"147":0,"148":0,"149":0,"150":0,"151":0,"152":0,"153":40,"154":39,"155":39,"156":39,"157":39,"158":39,"159":39,"160":39,"161":1,"162":1,"163":1,"164":39,"165":39,"166":39,"167":39,"168":39,"169":39,"170":39,"171":15,"172":15,"173":15,"174":39,"175":38,"176":8,"177":39,"178":18,"179":23,"180":18,"181":1,"182":17,"183":17,"184":0,"185":17,"186":0,"187":17,"188":17,"189":17,"190":17,"191":17,"192":17,"193":17,"194":17,"195":17,"196":14,"197":14,"198":14,"199":17,"200":14,"201":14,"202":14,"203":17,"204":17,"205":17,"206":17,"207":16,"208":17,"209":16,"210":32,"211":32,"212":3,"213":3,"214":1,"215":40,"216":33,"217":3,"218":2,"219":1,"220":8,"221":1,"222":3,"223":1,"224":3,"225":8,"226":7,"227":2,"228":7,"229":7,"230":2,"231":7,"232":7,"233":3,"234":7,"235":1,"236":7,"237":1,"238":1,"239":0,"240":1,"241":1,"242":1,"243":1,"244":1,"245":2,"246":4,"247":4,"248":4,"249":4,"250":4,"251":1,"252":1,"253":1,"254":1,"255":1,"256":42,"257":24,"258":20,"259":42,"260":40,"261":40,"262":40,"263":42,"264":42,"265":39,"266":42,"267":42,"268":1,"269":42,"270":42,"271":42,"272":1},"f":{"0":3,"1":40,"2":40,"3":40,"4":40,"5":41,"6":246,"7":47,"8":39,"9":39,"10":39,"11":1,"12":0,"13":1,"14":1,"15":1,"16":121,"17":88,"18":114,"19":168,"20":114,"21":1,"22":0,"23":40,"24":15,"25":8,"26":18,"27":23,"28":14,"29":17,"30":17,"31":32,"32":3,"33":40,"34":33,"35":3,"36":2,"37":1,"38":8,"39":1,"40":3,"41":3,"42":8,"43":2,"44":4,"45":1,"46":42,"47":24},"b":{"0":[1,1,0,1,1,0,0],"1":[0],"2":[1],"3":[0],"4":[1],"5":[0],"6":[246],"7":[35,4],"8":[3,1],"9":[38],"10":[37],"11":[39,38],"12":[1],"13":[1],"14":[1,1],"15":[121,0,0,0,0,0,0],"16":[0],"17":[114,0],"18":[0],"19":[0],"20":[7],"21":[27,87],"22":[27,87],"23":[0],"24":[114,114],"25":[0],"26":[0],"27":[0],"28":[0],"29":[39,38],"30":[1],"31":[1],"32":[1,1],"33":[39],"34":[39,0],"35":[38],"36":[1],"37":[0],"38":[0],"39":[17],"40":[14],"41":[14,14],"42":[14],"43":[17],"44":[17,17],"45":[17],"46":[16],"47":[16],"48":[32,28],"49":[28],"50":[2],"51":[7,2],"52":[2],"53":[3],"54":[7,5,5,5,5,5],"55":[1],"56":[7,6],"57":[1],"58":[0],"59":[1],"60":[4],"61":[4],"62":[1],"63":[1],"64":[20],"65":[40],"66":[39],"67":[1]}}
,"C:\\Users\\sukar\\Desktop\\Coding\\ModernToastsProject\\ModernToasts\\src\\ToastBuilder.ts": {"path":"C:\\Users\\sukar\\Desktop\\Coding\\ModernToastsProject\\ModernToasts\\src\\ToastBuilder.ts","statementMap":{"0":{"start":{"line":2,"column":0},"end":{"line":2,"column":42}},"1":{"start":{"line":3,"column":0},"end":{"line":3,"column":39}},"2":{"start":{"line":28,"column":12},"end":{"line":28,"column":32}},"3":{"start":{"line":37,"column":4},"end":{"line":37,"column":29}},"4":{"start":{"line":38,"column":4},"end":{"line":38,"column":102}},"5":{"start":{"line":39,"column":4},"end":{"line":39,"column":68}},"6":{"start":{"line":40,"column":4},"end":{"line":40,"column":64}},"7":{"start":{"line":41,"column":4},"end":{"line":41,"column":23}},"8":{"start":{"line":42,"column":4},"end":{"line":42,"column":54}},"9":{"start":{"line":43,"column":4},"end":{"line":43,"column":42}},"10":{"start":{"line":50,"column":20},"end":{"line":50,"column":49}},"11":{"start":{"line":51,"column":4},"end":{"line":51,"column":35}},"12":{"start":{"line":53,"column":20},"end":{"line":53,"column":62}},"13":{"start":{"line":54,"column":4},"end":{"line":56,"column":5}},"14":{"start":{"line":55,"column":6},"end":{"line":55,"column":52}},"15":{"start":{"line":57,"column":4},"end":{"line":59,"column":5}},"16":{"start":{"line":58,"column":6},"end":{"line":58,"column":50}},"17":{"start":{"line":61,"column":4},"end":{"line":61,"column":42}},"18":{"start":{"line":62,"column":4},"end":{"line":62,"column":55}},"19":{"start":{"line":63,"column":4},"end":{"line":63,"column":61}},"20":{"start":{"line":64,"column":4},"end":{"line":64,"column":78}},"21":{"start":{"line":66,"column":4},"end":{"line":66,"column":19}},"22":{"start":{"line":73,"column":20},"end":{"line":73,"column":47}},"23":{"start":{"line":74,"column":4},"end":{"line":74,"column":65}},"24":{"start":{"line":74,"column":30},"end":{"line":74,"column":63}},"25":{"start":{"line":75,"column":4},"end":{"line":75,"column":16}},"26":{"start":{"line":82,"column":35},"end":{"line":82,"column":37}},"27":{"start":{"line":83,"column":26},"end":{"line":83,"column":56}},"28":{"start":{"line":85,"column":4},"end":{"line":95,"column":7}},"29":{"start":{"line":86,"column":23},"end":{"line":86,"column":52}},"30":{"start":{"line":87,"column":6},"end":{"line":87,"column":144}},"31":{"start":{"line":90,"column":6},"end":{"line":92,"column":9}},"32":{"start":{"line":91,"column":8},"end":{"line":91,"column":48}},"33":{"start":{"line":94,"column":6},"end":{"line":94,"column":29}},"34":{"start":{"line":97,"column":4},"end":{"line":97,"column":19}},"35":{"start":{"line":104,"column":4},"end":{"line":134,"column":5}},"36":{"start":{"line":106,"column":8},"end":{"line":114,"column":10}},"37":{"start":{"line":117,"column":8},"end":{"line":123,"column":10}},"38":{"start":{"line":126,"column":8},"end":{"line":133,"column":10}},"39":{"start":{"line":141,"column":27},"end":{"line":141,"column":56}},"40":{"start":{"line":142,"column":4},"end":{"line":142,"column":129}},"41":{"start":{"line":145,"column":4},"end":{"line":150,"column":5}},"42":{"start":{"line":146,"column":6},"end":{"line":146,"column":41}},"43":{"start":{"line":147,"column":6},"end":{"line":147,"column":42}},"44":{"start":{"line":149,"column":6},"end":{"line":149,"column":40}},"45":{"start":{"line":152,"column":4},"end":{"line":152,"column":46}},"46":{"start":{"line":153,"column":4},"end":{"line":153,"column":16}},"47":{"start":{"line":160,"column":22},"end":{"line":160,"column":51}},"48":{"start":{"line":161,"column":4},"end":{"line":161,"column":52}},"49":{"start":{"line":164,"column":26},"end":{"line":164,"column":43}},"50":{"start":{"line":165,"column":4},"end":{"line":165,"column":41}},"51":{"start":{"line":168,"column":26},"end":{"line":168,"column":50}},"52":{"start":{"line":169,"column":4},"end":{"line":169,"column":41}},"53":{"start":{"line":172,"column":4},"end":{"line":175,"column":5}},"54":{"start":{"line":173,"column":35},"end":{"line":173,"column":59}},"55":{"start":{"line":174,"column":6},"end":{"line":174,"column":50}},"56":{"start":{"line":177,"column":4},"end":{"line":177,"column":41}},"57":{"start":{"line":178,"column":4},"end":{"line":178,"column":16}},"58":{"start":{"line":185,"column":26},"end":{"line":185,"column":55}},"59":{"start":{"line":186,"column":4},"end":{"line":186,"column":88}},"60":{"start":{"line":189,"column":21},"end":{"line":189,"column":83}},"61":{"start":{"line":190,"column":4},"end":{"line":190,"column":39}},"62":{"start":{"line":192,"column":4},"end":{"line":192,"column":25}},"63":{"start":{"line":199,"column":26},"end":{"line":199,"column":55}},"64":{"start":{"line":200,"column":4},"end":{"line":200,"column":53}},"65":{"start":{"line":202,"column":20},"end":{"line":202,"column":47}},"66":{"start":{"line":203,"column":4},"end":{"line":203,"column":48}},"67":{"start":{"line":204,"column":4},"end":{"line":204,"column":44}},"68":{"start":{"line":206,"column":22},"end":{"line":206,"column":49}},"69":{"start":{"line":207,"column":4},"end":{"line":207,"column":52}},"70":{"start":{"line":208,"column":4},"end":{"line":208,"column":65}},"71":{"start":{"line":210,"column":4},"end":{"line":210,"column":39}},"72":{"start":{"line":211,"column":4},"end":{"line":211,"column":41}},"73":{"start":{"line":213,"column":4},"end":{"line":213,"column":25}},"74":{"start":{"line":220,"column":33},"end":{"line":220,"column":62}},"75":{"start":{"line":221,"column":4},"end":{"line":221,"column":61}},"76":{"start":{"line":223,"column":24},"end":{"line":223,"column":56}},"77":{"start":{"line":224,"column":4},"end":{"line":224,"column":59}},"78":{"start":{"line":225,"column":4},"end":{"line":225,"column":65}},"79":{"start":{"line":226,"column":4},"end":{"line":226,"column":45}},"80":{"start":{"line":229,"column":4},"end":{"line":229,"column":45}},"81":{"start":{"line":231,"column":4},"end":{"line":231,"column":50}},"82":{"start":{"line":232,"column":4},"end":{"line":232,"column":32}},"83":{"start":{"line":239,"column":56},"end":{"line":239,"column":78}},"84":{"start":{"line":241,"column":4},"end":{"line":243,"column":5}},"85":{"start":{"line":242,"column":6},"end":{"line":242,"column":59}},"86":{"start":{"line":245,"column":4},"end":{"line":247,"column":5}},"87":{"start":{"line":246,"column":6},"end":{"line":246,"column":43}},"88":{"start":{"line":249,"column":4},"end":{"line":256,"column":5}},"89":{"start":{"line":250,"column":6},"end":{"line":250,"column":51}},"90":{"start":{"line":252,"column":29},"end":{"line":252,"column":93}},"91":{"start":{"line":253,"column":6},"end":{"line":255,"column":9}},"92":{"start":{"line":254,"column":9},"end":{"line":254,"column":64}},"93":{"start":{"line":258,"column":4},"end":{"line":260,"column":5}},"94":{"start":{"line":259,"column":6},"end":{"line":259,"column":67}},"95":{"start":{"line":262,"column":4},"end":{"line":262,"column":16}},"96":{"start":{"line":270,"column":4},"end":{"line":270,"column":44}},"97":{"start":{"line":271,"column":4},"end":{"line":271,"column":24}},"98":{"start":{"line":18,"column":0},"end":{"line":18,"column":13}}},"fnMap":{"0":{"name":"(anonymous_0)","decl":{"start":{"line":27,"column":2},"end":{"line":27,"column":null}},"loc":{"start":{"line":35,"column":33},"end":{"line":44,"column":3}}},"1":{"name":"(anonymous_1)","decl":{"start":{"line":49,"column":10},"end":{"line":49,"column":25}},"loc":{"start":{"line":49,"column":25},"end":{"line":67,"column":3}}},"2":{"name":"(anonymous_2)","decl":{"start":{"line":72,"column":2},"end":{"line":72,"column":12}},"loc":{"start":{"line":72,"column":12},"end":{"line":76,"column":3}}},"3":{"name":"(anonymous_3)","decl":{"start":{"line":74,"column":20},"end":{"line":74,"column":26}},"loc":{"start":{"line":74,"column":30},"end":{"line":74,"column":63}}},"4":{"name":"(anonymous_4)","decl":{"start":{"line":81,"column":10},"end":{"line":81,"column":30}},"loc":{"start":{"line":81,"column":30},"end":{"line":98,"column":3}}},"5":{"name":"(anonymous_5)","decl":{"start":{"line":85,"column":26},"end":{"line":85,"column":32}},"loc":{"start":{"line":85,"column":35},"end":{"line":95,"column":5}}},"6":{"name":"(anonymous_6)","decl":{"start":{"line":90,"column":51},"end":{"line":90,"column":52}},"loc":{"start":{"line":90,"column":69},"end":{"line":92,"column":7}}},"7":{"name":"(anonymous_7)","decl":{"start":{"line":103,"column":10},"end":{"line":103,"column":33}},"loc":{"start":{"line":103,"column":33},"end":{"line":135,"column":3}}},"8":{"name":"(anonymous_8)","decl":{"start":{"line":140,"column":2},"end":{"line":140,"column":17}},"loc":{"start":{"line":140,"column":17},"end":{"line":154,"column":3}}},"9":{"name":"(anonymous_9)","decl":{"start":{"line":159,"column":2},"end":{"line":159,"column":12}},"loc":{"start":{"line":159,"column":12},"end":{"line":179,"column":3}}},"10":{"name":"(anonymous_10)","decl":{"start":{"line":184,"column":10},"end":{"line":184,"column":20}},"loc":{"start":{"line":184,"column":20},"end":{"line":193,"column":3}}},"11":{"name":"(anonymous_11)","decl":{"start":{"line":198,"column":10},"end":{"line":198,"column":27}},"loc":{"start":{"line":198,"column":27},"end":{"line":214,"column":3}}},"12":{"name":"(anonymous_12)","decl":{"start":{"line":219,"column":10},"end":{"line":219,"column":27}},"loc":{"start":{"line":219,"column":27},"end":{"line":233,"column":3}}},"13":{"name":"(anonymous_13)","decl":{"start":{"line":238,"column":2},"end":{"line":238,"column":19}},"loc":{"start":{"line":238,"column":19},"end":{"line":263,"column":3}}},"14":{"name":"(anonymous_14)","decl":{"start":{"line":253,"column":29},"end":{"line":253,"column":30}},"loc":{"start":{"line":253,"column":45},"end":{"line":255,"column":7}}},"15":{"name":"(anonymous_15)","decl":{"start":{"line":268,"column":2},"end":{"line":268,"column":7}},"loc":{"start":{"line":268,"column":7},"end":{"line":272,"column":3}}}},"branchMap":{"0":{"loc":{"start":{"line":38,"column":30},"end":{"line":38,"column":101}},"type":"binary-expr","locations":[{"start":{"line":38,"column":30},"end":{"line":38,"column":66}},{"start":{"line":38,"column":70},"end":{"line":38,"column":101}}]},"1":{"loc":{"start":{"line":54,"column":4},"end":{"line":56,"column":5}},"type":"if","locations":[{"start":{"line":54,"column":4},"end":{"line":56,"column":5}}]},"2":{"loc":{"start":{"line":57,"column":4},"end":{"line":59,"column":5}},"type":"if","locations":[{"start":{"line":57,"column":4},"end":{"line":59,"column":5}}]},"3":{"loc":{"start":{"line":104,"column":4},"end":{"line":134,"column":5}},"type":"switch","locations":[{"start":{"line":105,"column":6},"end":{"line":114,"column":10}},{"start":{"line":116,"column":6},"end":{"line":123,"column":10}},{"start":{"line":125,"column":6},"end":{"line":133,"column":10}}]},"4":{"loc":{"start":{"line":145,"column":4},"end":{"line":150,"column":5}},"type":"if","locations":[{"start":{"line":145,"column":4},"end":{"line":150,"column":5}},{"start":{"line":148,"column":11},"end":{"line":150,"column":5}}]},"5":{"loc":{"start":{"line":145,"column":8},"end":{"line":145,"column":98}},"type":"binary-expr","locations":[{"start":{"line":145,"column":8},"end":{"line":145,"column":51}},{"start":{"line":145,"column":55},"end":{"line":145,"column":98}}]},"6":{"loc":{"start":{"line":172,"column":4},"end":{"line":175,"column":5}},"type":"if","locations":[{"start":{"line":172,"column":4},"end":{"line":175,"column":5}}]},"7":{"loc":{"start":{"line":189,"column":21},"end":{"line":189,"column":83}},"type":"binary-expr","locations":[{"start":{"line":189,"column":21},"end":{"line":189,"column":48}},{"start":{"line":189,"column":52},"end":{"line":189,"column":83}}]},"8":{"loc":{"start":{"line":241,"column":4},"end":{"line":243,"column":5}},"type":"if","locations":[{"start":{"line":241,"column":4},"end":{"line":243,"column":5}}]},"9":{"loc":{"start":{"line":245,"column":4},"end":{"line":247,"column":5}},"type":"if","locations":[{"start":{"line":245,"column":4},"end":{"line":247,"column":5}}]},"10":{"loc":{"start":{"line":249,"column":4},"end":{"line":256,"column":5}},"type":"if","locations":[{"start":{"line":249,"column":4},"end":{"line":256,"column":5}}]},"11":{"loc":{"start":{"line":258,"column":4},"end":{"line":260,"column":5}},"type":"if","locations":[{"start":{"line":258,"column":4},"end":{"line":260,"column":5}}]}},"s":{"0":2,"1":2,"2":55,"3":55,"4":55,"5":55,"6":55,"7":55,"8":55,"9":55,"10":55,"11":55,"12":55,"13":55,"14":2,"15":55,"16":2,"17":55,"18":55,"19":55,"20":55,"21":55,"22":44,"23":44,"24":265,"25":44,"26":44,"27":44,"28":44,"29":265,"30":265,"31":265,"32":439,"33":265,"34":44,"35":44,"36":2,"37":1,"38":41,"39":43,"40":43,"41":43,"42":2,"43":2,"44":41,"45":43,"46":43,"47":44,"48":44,"49":44,"50":44,"51":44,"52":44,"53":44,"54":42,"55":42,"56":44,"57":44,"58":44,"59":44,"60":44,"61":44,"62":44,"63":44,"64":44,"65":44,"66":44,"67":44,"68":44,"69":44,"70":44,"71":44,"72":44,"73":44,"74":42,"75":42,"76":42,"77":42,"78":42,"79":42,"80":42,"81":42,"82":42,"83":43,"84":43,"85":2,"86":43,"87":2,"88":43,"89":2,"90":2,"91":2,"92":12,"93":43,"94":2,"95":43,"96":55,"97":55,"98":2},"f":{"0":55,"1":55,"2":44,"3":265,"4":44,"5":265,"6":439,"7":44,"8":43,"9":44,"10":44,"11":44,"12":42,"13":43,"14":12,"15":55},"b":{"0":[55,0],"1":[2],"2":[2],"3":[2,1,41],"4":[2,41],"5":[43,41],"6":[42],"7":[44,43],"8":[2],"9":[2],"10":[2],"11":[2]}}
,"C:\\Users\\sukar\\Desktop\\Coding\\ModernToastsProject\\ModernToasts\\src\\constants.ts": {"path":"C:\\Users\\sukar\\Desktop\\Coding\\ModernToastsProject\\ModernToasts\\src\\constants.ts","statementMap":{"0":{"start":{"line":4,"column":13},"end":{"line":11,"column":11}},"1":{"start":{"line":16,"column":13},"end":{"line":26,"column":11}},"2":{"start":{"line":31,"column":13},"end":{"line":48,"column":11}},"3":{"start":{"line":53,"column":13},"end":{"line":59,"column":11}},"4":{"start":{"line":64,"column":13},"end":{"line":71,"column":11}}},"fnMap":{},"branchMap":{},"s":{"0":2,"1":2,"2":2,"3":2,"4":2},"f":{},"b":{}}
,"C:\\Users\\sukar\\Desktop\\Coding\\ModernToastsProject\\ModernToasts\\src\\types.ts": {"path":"C:\\Users\\sukar\\Desktop\\Coding\\ModernToastsProject\\ModernToasts\\src\\types.ts","statementMap":{"0":{"start":{"line":4,"column":0},"end":{"line":4,"column":null}},"1":{"start":{"line":5,"column":2},"end":{"line":5,"column":null}},"2":{"start":{"line":6,"column":2},"end":{"line":6,"column":null}},"3":{"start":{"line":7,"column":2},"end":{"line":7,"column":null}},"4":{"start":{"line":8,"column":2},"end":{"line":8,"column":null}}},"fnMap":{"0":{"name":"(anonymous_0)","decl":{"start":{"line":4,"column":0},"end":{"line":4,"column":12}},"loc":{"start":{"line":4,"column":21},"end":{"line":9,"column":1}}}},"branchMap":{"0":{"loc":{"start":{"line":4,"column":12},"end":{"line":4,"column":null}},"type":"binary-expr","locations":[{"start":{"line":4,"column":12},"end":{"line":4,"column":21}},{"start":{"line":4,"column":21},"end":{"line":4,"column":null}}]}},"s":{"0":2,"1":2,"2":2,"3":2,"4":2},"f":{"0":2},"b":{"0":[2,2]}}
,"C:\\Users\\sukar\\Desktop\\Coding\\ModernToastsProject\\ModernToasts\\src\\utils.ts": {"path":"C:\\Users\\sukar\\Desktop\\Coding\\ModernToastsProject\\ModernToasts\\src\\utils.ts","statementMap":{"0":{"start":{"line":6,"column":0},"end":{"line":6,"column":16}},"1":{"start":{"line":15,"column":0},"end":{"line":15,"column":16}},"2":{"start":{"line":40,"column":0},"end":{"line":40,"column":16}},"3":{"start":{"line":69,"column":0},"end":{"line":69,"column":16}},"4":{"start":{"line":89,"column":0},"end":{"line":89,"column":16}},"5":{"start":{"line":96,"column":0},"end":{"line":96,"column":16}},"6":{"start":{"line":120,"column":0},"end":{"line":120,"column":16}},"7":{"start":{"line":7,"column":14},"end":{"line":7,"column":43}},"8":{"start":{"line":8,"column":2},"end":{"line":8,"column":26}},"9":{"start":{"line":9,"column":2},"end":{"line":9,"column":23}},"10":{"start":{"line":16,"column":2},"end":{"line":20,"column":3}},"11":{"start":{"line":17,"column":4},"end":{"line":19,"column":5}},"12":{"start":{"line":18,"column":6},"end":{"line":18,"column":67}},"13":{"start":{"line":22,"column":2},"end":{"line":27,"column":3}},"14":{"start":{"line":23,"column":27},"end":{"line":23,"column":114}},"15":{"start":{"line":24,"column":4},"end":{"line":26,"column":5}},"16":{"start":{"line":25,"column":6},"end":{"line":25,"column":63}},"17":{"start":{"line":29,"column":2},"end":{"line":34,"column":3}},"18":{"start":{"line":30,"column":28},"end":{"line":30,"column":96}},"19":{"start":{"line":31,"column":4},"end":{"line":33,"column":5}},"20":{"start":{"line":32,"column":6},"end":{"line":32,"column":84}},"21":{"start":{"line":41,"column":2},"end":{"line":45,"column":3}},"22":{"start":{"line":42,"column":4},"end":{"line":44,"column":5}},"23":{"start":{"line":43,"column":6},"end":{"line":43,"column":73}},"24":{"start":{"line":47,"column":2},"end":{"line":51,"column":3}},"25":{"start":{"line":48,"column":4},"end":{"line":50,"column":5}},"26":{"start":{"line":49,"column":6},"end":{"line":49,"column":69}},"27":{"start":{"line":53,"column":2},"end":{"line":57,"column":3}},"28":{"start":{"line":54,"column":4},"end":{"line":56,"column":5}},"29":{"start":{"line":55,"column":6},"end":{"line":55,"column":71}},"30":{"start":{"line":59,"column":2},"end":{"line":63,"column":3}},"31":{"start":{"line":60,"column":4},"end":{"line":62,"column":5}},"32":{"start":{"line":61,"column":6},"end":{"line":61,"column":73}},"33":{"start":{"line":75,"column":2},"end":{"line":83,"column":4}},"34":{"start":{"line":76,"column":18},"end":{"line":79,"column":5}},"35":{"start":{"line":77,"column":6},"end":{"line":77,"column":28}},"36":{"start":{"line":78,"column":6},"end":{"line":78,"column":20}},"37":{"start":{"line":81,"column":4},"end":{"line":81,"column":26}},"38":{"start":{"line":82,"column":4},"end":{"line":82,"column":45}},"39":{"start":{"line":90,"column":2},"end":{"line":90,"column":77}},"40":{"start":{"line":97,"column":2},"end":{"line":99,"column":3}},"41":{"start":{"line":98,"column":4},"end":{"line":98,"column":15}},"42":{"start":{"line":100,"column":2},"end":{"line":102,"column":3}},"43":{"start":{"line":101,"column":4},"end":{"line":101,"column":40}},"44":{"start":{"line":103,"column":2},"end":{"line":106,"column":3}},"45":{"start":{"line":105,"column":4},"end":{"line":105,"column":49}},"46":{"start":{"line":105,"column":27},"end":{"line":105,"column":42}},"47":{"start":{"line":108,"column":20},"end":{"line":108,"column":27}},"48":{"start":{"line":109,"column":2},"end":{"line":113,"column":3}},"49":{"start":{"line":110,"column":4},"end":{"line":112,"column":5}},"50":{"start":{"line":111,"column":6},"end":{"line":111,"column":43}},"51":{"start":{"line":114,"column":2},"end":{"line":114,"column":19}},"52":{"start":{"line":121,"column":2},"end":{"line":121,"column":81}},"53":{"start":{"line":127,"column":13},"end":{"line":129,"column":72}},"54":{"start":{"line":129,"column":40},"end":{"line":129,"column":71}},"55":{"start":{"line":134,"column":13},"end":{"line":136,"column":37}}},"fnMap":{"0":{"name":"sanitizeHtml","decl":{"start":{"line":6,"column":16},"end":{"line":6,"column":28}},"loc":{"start":{"line":6,"column":42},"end":{"line":10,"column":1}}},"1":{"name":"validateToastOptions","decl":{"start":{"line":15,"column":16},"end":{"line":15,"column":36}},"loc":{"start":{"line":15,"column":67},"end":{"line":35,"column":1}}},"2":{"name":"validateConfig","decl":{"start":{"line":40,"column":16},"end":{"line":40,"column":30}},"loc":{"start":{"line":40,"column":59},"end":{"line":64,"column":1}}},"3":{"name":"debounce","decl":{"start":{"line":69,"column":16},"end":{"line":69,"column":24}},"loc":{"start":{"line":71,"column":14},"end":{"line":84,"column":1}}},"4":{"name":"executedFunction","decl":{"start":{"line":75,"column":18},"end":{"line":75,"column":34}},"loc":{"start":{"line":75,"column":57},"end":{"line":83,"column":3}}},"5":{"name":"(anonymous_5)","decl":{"start":{"line":76,"column":18},"end":{"line":76,"column":27}},"loc":{"start":{"line":76,"column":29},"end":{"line":79,"column":5}}},"6":{"name":"generateUniqueId","decl":{"start":{"line":89,"column":16},"end":{"line":89,"column":32}},"loc":{"start":{"line":89,"column":32},"end":{"line":91,"column":1}}},"7":{"name":"deepClone","decl":{"start":{"line":96,"column":16},"end":{"line":96,"column":25}},"loc":{"start":{"line":96,"column":35},"end":{"line":115,"column":1}}},"8":{"name":"(anonymous_8)","decl":{"start":{"line":105,"column":19},"end":{"line":105,"column":23}},"loc":{"start":{"line":105,"column":27},"end":{"line":105,"column":42}}},"9":{"name":"supportsCSSVariables","decl":{"start":{"line":120,"column":16},"end":{"line":120,"column":36}},"loc":{"start":{"line":120,"column":36},"end":{"line":122,"column":1}}},"10":{"name":"(anonymous_10)","decl":{"start":{"line":129,"column":4},"end":{"line":129,"column":5}},"loc":{"start":{"line":129,"column":40},"end":{"line":129,"column":71}}}},"branchMap":{"0":{"loc":{"start":{"line":16,"column":2},"end":{"line":20,"column":3}},"type":"if","locations":[{"start":{"line":16,"column":2},"end":{"line":20,"column":3}}]},"1":{"loc":{"start":{"line":17,"column":4},"end":{"line":19,"column":5}},"type":"if","locations":[{"start":{"line":17,"column":4},"end":{"line":19,"column":5}}]},"2":{"loc":{"start":{"line":17,"column":8},"end":{"line":17,"column":74}},"type":"binary-expr","locations":[{"start":{"line":17,"column":8},"end":{"line":17,"column":47}},{"start":{"line":17,"column":51},"end":{"line":17,"column":74}}]},"3":{"loc":{"start":{"line":22,"column":2},"end":{"line":27,"column":3}},"type":"if","locations":[{"start":{"line":22,"column":2},"end":{"line":27,"column":3}}]},"4":{"loc":{"start":{"line":24,"column":4},"end":{"line":26,"column":5}},"type":"if","locations":[{"start":{"line":24,"column":4},"end":{"line":26,"column":5}}]},"5":{"loc":{"start":{"line":29,"column":2},"end":{"line":34,"column":3}},"type":"if","locations":[{"start":{"line":29,"column":2},"end":{"line":34,"column":3}}]},"6":{"loc":{"start":{"line":31,"column":4},"end":{"line":33,"column":5}},"type":"if","locations":[{"start":{"line":31,"column":4},"end":{"line":33,"column":5}}]},"7":{"loc":{"start":{"line":41,"column":2},"end":{"line":45,"column":3}},"type":"if","locations":[{"start":{"line":41,"column":2},"end":{"line":45,"column":3}}]},"8":{"loc":{"start":{"line":42,"column":4},"end":{"line":44,"column":5}},"type":"if","locations":[{"start":{"line":42,"column":4},"end":{"line":44,"column":5}}]},"9":{"loc":{"start":{"line":42,"column":8},"end":{"line":42,"column":92}},"type":"binary-expr","locations":[{"start":{"line":42,"column":8},"end":{"line":42,"column":56}},{"start":{"line":42,"column":60},"end":{"line":42,"column":92}}]},"10":{"loc":{"start":{"line":47,"column":2},"end":{"line":51,"column":3}},"type":"if","locations":[{"start":{"line":47,"column":2},"end":{"line":51,"column":3}}]},"11":{"loc":{"start":{"line":48,"column":4},"end":{"line":50,"column":5}},"type":"if","locations":[{"start":{"line":48,"column":4},"end":{"line":50,"column":5}}]},"12":{"loc":{"start":{"line":48,"column":8},"end":{"line":48,"column":84}},"type":"binary-expr","locations":[{"start":{"line":48,"column":8},"end":{"line":48,"column":52}},{"start":{"line":48,"column":56},"end":{"line":48,"column":84}}]},"13":{"loc":{"start":{"line":53,"column":2},"end":{"line":57,"column":3}},"type":"if","locations":[{"start":{"line":53,"column":2},"end":{"line":57,"column":3}}]},"14":{"loc":{"start":{"line":54,"column":4},"end":{"line":56,"column":5}},"type":"if","locations":[{"start":{"line":54,"column":4},"end":{"line":56,"column":5}}]},"15":{"loc":{"start":{"line":54,"column":8},"end":{"line":54,"column":80}},"type":"binary-expr","locations":[{"start":{"line":54,"column":8},"end":{"line":54,"column":50}},{"start":{"line":54,"column":54},"end":{"line":54,"column":80}}]},"16":{"loc":{"start":{"line":59,"column":2},"end":{"line":63,"column":3}},"type":"if","locations":[{"start":{"line":59,"column":2},"end":{"line":63,"column":3}}]},"17":{"loc":{"start":{"line":60,"column":4},"end":{"line":62,"column":5}},"type":"if","locations":[{"start":{"line":60,"column":4},"end":{"line":62,"column":5}}]},"18":{"loc":{"start":{"line":60,"column":8},"end":{"line":60,"column":84}},"type":"binary-expr","locations":[{"start":{"line":60,"column":8},"end":{"line":60,"column":52}},{"start":{"line":60,"column":56},"end":{"line":60,"column":84}}]},"19":{"loc":{"start":{"line":97,"column":2},"end":{"line":99,"column":3}},"type":"if","locations":[{"start":{"line":97,"column":2},"end":{"line":99,"column":3}}]},"20":{"loc":{"start":{"line":97,"column":6},"end":{"line":97,"column":45}},"type":"binary-expr","locations":[{"start":{"line":97,"column":6},"end":{"line":97,"column":18}},{"start":{"line":97,"column":22},"end":{"line":97,"column":45}}]},"21":{"loc":{"start":{"line":100,"column":2},"end":{"line":102,"column":3}},"type":"if","locations":[{"start":{"line":100,"column":2},"end":{"line":102,"column":3}}]},"22":{"loc":{"start":{"line":103,"column":2},"end":{"line":106,"column":3}},"type":"if","locations":[{"start":{"line":103,"column":2},"end":{"line":106,"column":3}}]},"23":{"loc":{"start":{"line":110,"column":4},"end":{"line":112,"column":5}},"type":"if","locations":[{"start":{"line":110,"column":4},"end":{"line":112,"column":5}}]},"24":{"loc":{"start":{"line":121,"column":9},"end":{"line":121,"column":80}},"type":"binary-expr","locations":[{"start":{"line":121,"column":9},"end":{"line":121,"column":19}},{"start":{"line":121,"column":23},"end":{"line":121,"column":42}},{"start":{"line":121,"column":46},"end":{"line":121,"column":80}}]},"25":{"loc":{"start":{"line":127,"column":19},"end":{"line":129,"column":71}},"type":"cond-expr","locations":[{"start":{"line":128,"column":4},"end":{"line":128,"column":45}},{"start":{"line":129,"column":4},"end":{"line":129,"column":71}}]},"26":{"loc":{"start":{"line":134,"column":25},"end":{"line":136,"column":36}},"type":"cond-expr","locations":[{"start":{"line":135,"column":4},"end":{"line":135,"column":44}},{"start":{"line":136,"column":4},"end":{"line":136,"column":36}}]}},"s":{"0":3,"1":3,"2":3,"3":3,"4":3,"5":3,"6":3,"7":47,"8":47,"9":47,"10":47,"11":11,"12":3,"13":44,"14":2,"15":2,"16":1,"17":43,"18":3,"19":3,"20":1,"21":15,"22":5,"23":3,"24":12,"25":2,"26":1,"27":11,"28":2,"29":1,"30":10,"31":1,"32":1,"33":2,"34":5,"35":3,"36":3,"37":5,"38":5,"39":1040,"40":16,"41":10,"42":6,"43":1,"44":5,"45":2,"46":5,"47":3,"48":3,"49":4,"50":4,"51":3,"52":2,"53":3,"54":0,"55":3},"f":{"0":47,"1":47,"2":15,"3":2,"4":5,"5":3,"6":1040,"7":16,"8":5,"9":2,"10":0},"b":{"0":[11],"1":[3],"2":[11,10],"3":[2],"4":[1],"5":[3],"6":[1],"7":[5],"8":[3],"9":[5,4],"10":[2],"11":[1],"12":[2,2],"13":[2],"14":[1],"15":[2,2],"16":[1],"17":[1],"18":[1,1],"19":[10],"20":[16,15],"21":[1],"22":[2],"23":[4],"24":[2,2,1],"25":[3,0],"26":[3,0]}}
}
