TN:
SF:src\ModernToasts.ts
FN:41,getDefaultAnimationDirection
FN:143,(anonymous_1)
FN:151,(anonymous_2)
FN:171,(anonymous_3)
FN:196,(anonymous_4)
FN:222,(anonymous_5)
FN:228,(anonymous_6)
FN:242,(anonymous_7)
FN:250,(anonymous_8)
FN:263,(anonymous_9)
FN:293,(anonymous_10)
FN:297,(anonymous_11)
FN:304,(anonymous_12)
FN:319,(anonymous_13)
FN:326,(anonymous_14)
FN:331,(anonymous_15)
FN:349,(anonymous_16)
FN:381,(anonymous_17)
FN:390,(anonymous_18)
FN:392,(anonymous_19)
FN:398,(anonymous_20)
FN:451,(anonymous_21)
FN:452,(anonymous_22)
FN:473,(anonymous_23)
FN:525,(anonymous_24)
FN:535,(anonymous_25)
FN:546,(anonymous_26)
FN:547,(anonymous_27)
FN:580,(anonymous_28)
FN:587,(anonymous_29)
FN:599,(anonymous_30)
FN:617,(anonymous_31)
FN:619,(anonymous_32)
FN:631,(anonymous_33)
FN:638,(anonymous_34)
FN:645,(anonymous_35)
FN:652,(anonymous_36)
FN:659,(anonymous_37)
FN:666,(anonymous_38)
FN:673,(anonymous_39)
FN:674,(anonymous_40)
FN:675,(anonymous_41)
FN:681,(anonymous_42)
FN:731,(anonymous_43)
FN:738,(anonymous_44)
FN:751,(anonymous_45)
FN:764,(anonymous_46)
FN:766,(anonymous_47)
FNF:48
FNH:46
FNDA:3,getDefaultAnimationDirection
FNDA:40,(anonymous_1)
FNDA:40,(anonymous_2)
FNDA:40,(anonymous_3)
FNDA:40,(anonymous_4)
FNDA:41,(anonymous_5)
FNDA:246,(anonymous_6)
FNDA:47,(anonymous_7)
FNDA:39,(anonymous_8)
FNDA:39,(anonymous_9)
FNDA:39,(anonymous_10)
FNDA:1,(anonymous_11)
FNDA:0,(anonymous_12)
FNDA:1,(anonymous_13)
FNDA:1,(anonymous_14)
FNDA:1,(anonymous_15)
FNDA:121,(anonymous_16)
FNDA:88,(anonymous_17)
FNDA:114,(anonymous_18)
FNDA:168,(anonymous_19)
FNDA:114,(anonymous_20)
FNDA:1,(anonymous_21)
FNDA:0,(anonymous_22)
FNDA:40,(anonymous_23)
FNDA:15,(anonymous_24)
FNDA:8,(anonymous_25)
FNDA:18,(anonymous_26)
FNDA:23,(anonymous_27)
FNDA:14,(anonymous_28)
FNDA:17,(anonymous_29)
FNDA:17,(anonymous_30)
FNDA:32,(anonymous_31)
FNDA:3,(anonymous_32)
FNDA:40,(anonymous_33)
FNDA:33,(anonymous_34)
FNDA:3,(anonymous_35)
FNDA:2,(anonymous_36)
FNDA:1,(anonymous_37)
FNDA:8,(anonymous_38)
FNDA:1,(anonymous_39)
FNDA:3,(anonymous_40)
FNDA:3,(anonymous_41)
FNDA:8,(anonymous_42)
FNDA:2,(anonymous_43)
FNDA:4,(anonymous_44)
FNDA:1,(anonymous_45)
FNDA:42,(anonymous_46)
FNDA:24,(anonymous_47)
DA:1,1
DA:12,1
DA:19,1
DA:25,1
DA:30,1
DA:42,3
DA:45,1
DA:48,1
DA:50,1
DA:52,0
DA:54,0
DA:61,1
DA:80,1
DA:96,1
DA:135,1
DA:137,40
DA:138,40
DA:139,40
DA:140,40
DA:141,40
DA:144,40
DA:145,40
DA:152,40
DA:153,0
DA:157,40
DA:160,40
DA:163,40
DA:165,40
DA:172,40
DA:173,1
DA:176,39
DA:177,39
DA:180,39
DA:182,39
DA:185,39
DA:186,0
DA:187,0
DA:188,0
DA:189,0
DA:198,40
DA:199,40
DA:200,1
DA:201,1
DA:202,1
DA:205,39
DA:206,39
DA:207,39
DA:209,39
DA:210,39
DA:212,39
DA:213,39
DA:216,39
DA:223,41
DA:224,0
DA:228,41
DA:229,246
DA:230,246
DA:235,41
DA:236,41
DA:243,47
DA:244,47
DA:252,39
DA:257,39
DA:264,39
DA:266,39
DA:277,39
DA:285,39
DA:287,39
DA:295,39
DA:296,39
DA:297,38
DA:298,1
DA:299,1
DA:300,1
DA:303,38
DA:304,38
DA:305,0
DA:306,0
DA:310,38
DA:311,38
DA:315,39
DA:316,37
DA:319,37
DA:320,1
DA:321,1
DA:322,1
DA:326,37
DA:327,1
DA:328,1
DA:329,1
DA:331,1
DA:332,1
DA:337,37
DA:338,37
DA:341,37
DA:342,37
DA:350,121
DA:351,121
DA:354,121
DA:356,121
DA:359,0
DA:362,0
DA:365,0
DA:368,0
DA:371,0
DA:374,0
DA:382,88
DA:383,0
DA:386,88
DA:389,88
DA:390,88
DA:391,114
DA:392,168
DA:393,114
DA:394,0
DA:398,88
DA:399,114
DA:400,0
DA:403,114
DA:405,114
DA:406,114
DA:407,114
DA:408,114
DA:411,114
DA:412,7
DA:413,7
DA:414,7
DA:415,7
DA:416,7
DA:417,7
DA:421,114
DA:422,114
DA:425,114
DA:426,114
DA:427,114
DA:428,114
DA:429,114
DA:430,114
DA:433,114
DA:434,27
DA:435,27
DA:437,87
DA:438,87
DA:442,114
DA:443,0
DA:452,1
DA:453,0
DA:454,0
DA:458,0
DA:461,0
DA:462,0
DA:464,0
DA:465,0
DA:475,40
DA:477,39
DA:480,39
DA:487,39
DA:498,39
DA:499,39
DA:502,39
DA:505,39
DA:506,1
DA:507,1
DA:508,1
DA:512,39
DA:513,39
DA:517,39
DA:518,39
DA:521,39
DA:522,39
DA:525,39
DA:526,15
DA:527,15
DA:530,15
DA:534,39
DA:535,38
DA:536,8
DA:540,39
DA:547,23
DA:548,18
DA:549,1
DA:552,17
DA:553,17
DA:554,0
DA:558,17
DA:559,0
DA:561,17
DA:564,17
DA:565,17
DA:566,17
DA:570,17
DA:573,17
DA:576,17
DA:577,17
DA:580,17
DA:582,14
DA:583,14
DA:587,17
DA:588,14
DA:589,14
DA:591,14
DA:600,17
DA:601,17
DA:604,17
DA:605,17
DA:606,16
DA:608,17
DA:609,16
DA:618,32
DA:619,32
DA:620,3
DA:621,3
DA:623,1
DA:632,40
DA:639,33
DA:646,3
DA:653,2
DA:660,1
DA:667,8
DA:674,3
DA:675,3
DA:683,8
DA:686,7
DA:687,2
DA:690,7
DA:693,7
DA:694,2
DA:698,7
DA:701,7
DA:704,3
DA:708,7
DA:709,1
DA:713,7
DA:714,1
DA:715,1
DA:716,0
DA:719,1
DA:720,1
DA:721,1
DA:722,1
DA:723,1
DA:732,2
DA:739,4
DA:740,4
DA:742,4
DA:743,4
DA:744,4
DA:752,1
DA:753,1
DA:754,1
DA:755,1
DA:756,1
DA:766,42
DA:767,24
DA:768,20
DA:773,42
DA:774,40
DA:775,40
DA:776,40
DA:780,42
DA:781,42
DA:782,39
DA:785,42
DA:786,42
DA:787,1
DA:791,42
DA:792,42
DA:793,42
LF:268
LH:238
BRDA:42,0,0,1
BRDA:42,0,1,1
BRDA:42,0,2,0
BRDA:42,0,3,1
BRDA:42,0,4,1
BRDA:42,0,5,0
BRDA:42,0,6,0
BRDA:152,1,0,0
BRDA:172,2,0,1
BRDA:185,3,0,0
BRDA:199,4,0,1
BRDA:223,5,0,0
BRDA:229,6,0,246
BRDA:252,7,0,35
BRDA:252,7,1,4
BRDA:254,8,0,3
BRDA:254,8,1,1
BRDA:296,9,0,38
BRDA:315,10,0,37
BRDA:315,11,0,39
BRDA:315,11,1,38
BRDA:320,12,0,1
BRDA:327,13,0,1
BRDA:327,14,0,1
BRDA:327,14,1,1
BRDA:354,15,0,121
BRDA:354,15,1,0
BRDA:354,15,2,0
BRDA:354,15,3,0
BRDA:354,15,4,0
BRDA:354,15,5,0
BRDA:354,15,6,0
BRDA:382,16,0,0
BRDA:391,17,0,114
BRDA:391,17,1,0
BRDA:393,18,0,0
BRDA:399,19,0,0
BRDA:411,20,0,7
BRDA:422,21,0,27
BRDA:422,21,1,87
BRDA:433,22,0,27
BRDA:433,22,1,87
BRDA:442,23,0,0
BRDA:442,24,0,114
BRDA:442,24,1,114
BRDA:453,25,0,0
BRDA:461,26,0,0
BRDA:464,27,0,0
BRDA:473,28,0,0
BRDA:484,29,0,39
BRDA:484,29,1,38
BRDA:505,30,0,1
BRDA:507,31,0,1
BRDA:507,32,0,1
BRDA:507,32,1,1
BRDA:512,33,0,39
BRDA:521,34,0,39
BRDA:521,34,1,0
BRDA:534,35,0,38
BRDA:548,36,0,1
BRDA:553,37,0,0
BRDA:558,38,0,0
BRDA:564,39,0,17
BRDA:582,40,0,14
BRDA:582,41,0,14
BRDA:582,41,1,14
BRDA:588,42,0,14
BRDA:600,43,0,17
BRDA:600,44,0,17
BRDA:600,44,1,17
BRDA:604,45,0,17
BRDA:605,46,0,16
BRDA:608,47,0,16
BRDA:618,48,0,32
BRDA:618,48,1,28
BRDA:631,49,0,28
BRDA:686,50,0,2
BRDA:686,51,0,7
BRDA:686,51,1,2
BRDA:693,52,0,2
BRDA:701,53,0,3
BRDA:701,54,0,7
BRDA:701,54,1,5
BRDA:701,54,2,5
BRDA:701,54,3,5
BRDA:701,54,4,5
BRDA:701,54,5,5
BRDA:708,55,0,1
BRDA:708,56,0,7
BRDA:708,56,1,6
BRDA:713,57,0,1
BRDA:715,58,0,0
BRDA:719,59,0,1
BRDA:739,60,0,4
BRDA:743,61,0,4
BRDA:753,62,0,1
BRDA:755,63,0,1
BRDA:767,64,0,20
BRDA:773,65,0,40
BRDA:781,66,0,39
BRDA:786,67,0,1
BRF:101
BRH:76
end_of_record
TN:
SF:src\ToastBuilder.ts
FN:27,(anonymous_0)
FN:49,(anonymous_1)
FN:72,(anonymous_2)
FN:74,(anonymous_3)
FN:81,(anonymous_4)
FN:85,(anonymous_5)
FN:90,(anonymous_6)
FN:103,(anonymous_7)
FN:140,(anonymous_8)
FN:159,(anonymous_9)
FN:184,(anonymous_10)
FN:198,(anonymous_11)
FN:219,(anonymous_12)
FN:238,(anonymous_13)
FN:253,(anonymous_14)
FN:268,(anonymous_15)
FNF:16
FNH:16
FNDA:55,(anonymous_0)
FNDA:55,(anonymous_1)
FNDA:44,(anonymous_2)
FNDA:265,(anonymous_3)
FNDA:44,(anonymous_4)
FNDA:265,(anonymous_5)
FNDA:439,(anonymous_6)
FNDA:44,(anonymous_7)
FNDA:43,(anonymous_8)
FNDA:44,(anonymous_9)
FNDA:44,(anonymous_10)
FNDA:44,(anonymous_11)
FNDA:42,(anonymous_12)
FNDA:43,(anonymous_13)
FNDA:12,(anonymous_14)
FNDA:55,(anonymous_15)
DA:2,2
DA:3,2
DA:18,2
DA:28,55
DA:37,55
DA:38,55
DA:39,55
DA:40,55
DA:41,55
DA:42,55
DA:43,55
DA:50,55
DA:51,55
DA:53,55
DA:54,55
DA:55,2
DA:57,55
DA:58,2
DA:61,55
DA:62,55
DA:63,55
DA:64,55
DA:66,55
DA:73,44
DA:74,265
DA:75,44
DA:82,44
DA:83,44
DA:85,44
DA:86,265
DA:87,265
DA:90,265
DA:91,439
DA:94,265
DA:97,44
DA:104,44
DA:106,2
DA:117,1
DA:126,41
DA:141,43
DA:142,43
DA:145,43
DA:146,2
DA:147,2
DA:149,41
DA:152,43
DA:153,43
DA:160,44
DA:161,44
DA:164,44
DA:165,44
DA:168,44
DA:169,44
DA:172,44
DA:173,42
DA:174,42
DA:177,44
DA:178,44
DA:185,44
DA:186,44
DA:189,44
DA:190,44
DA:192,44
DA:199,44
DA:200,44
DA:202,44
DA:203,44
DA:204,44
DA:206,44
DA:207,44
DA:208,44
DA:210,44
DA:211,44
DA:213,44
DA:220,42
DA:221,42
DA:223,42
DA:224,42
DA:225,42
DA:226,42
DA:229,42
DA:231,42
DA:232,42
DA:239,43
DA:241,43
DA:242,2
DA:245,43
DA:246,2
DA:249,43
DA:250,2
DA:252,2
DA:253,2
DA:254,12
DA:258,43
DA:259,2
DA:262,43
DA:270,55
DA:271,55
LF:98
LH:98
BRDA:38,0,0,55
BRDA:38,0,1,0
BRDA:54,1,0,2
BRDA:57,2,0,2
BRDA:104,3,0,2
BRDA:104,3,1,1
BRDA:104,3,2,41
BRDA:145,4,0,2
BRDA:145,4,1,41
BRDA:145,5,0,43
BRDA:145,5,1,41
BRDA:172,6,0,42
BRDA:189,7,0,44
BRDA:189,7,1,43
BRDA:241,8,0,2
BRDA:245,9,0,2
BRDA:249,10,0,2
BRDA:258,11,0,2
BRF:18
BRH:17
end_of_record
TN:
SF:src\constants.ts
FNF:0
FNH:0
DA:4,2
DA:16,2
DA:31,2
DA:53,2
DA:64,2
LF:5
LH:5
BRF:0
BRH:0
end_of_record
TN:
SF:src\types.ts
FN:4,(anonymous_0)
FNF:1
FNH:1
FNDA:2,(anonymous_0)
DA:4,2
DA:5,2
DA:6,2
DA:7,2
DA:8,2
LF:5
LH:5
BRDA:4,0,0,2
BRDA:4,0,1,2
BRF:2
BRH:2
end_of_record
TN:
SF:src\utils.ts
FN:6,sanitizeHtml
FN:15,validateToastOptions
FN:40,validateConfig
FN:69,debounce
FN:75,executedFunction
FN:76,(anonymous_5)
FN:89,generateUniqueId
FN:96,deepClone
FN:105,(anonymous_8)
FN:120,supportsCSSVariables
FN:129,(anonymous_10)
FNF:11
FNH:10
FNDA:47,sanitizeHtml
FNDA:47,validateToastOptions
FNDA:15,validateConfig
FNDA:2,debounce
FNDA:5,executedFunction
FNDA:3,(anonymous_5)
FNDA:1040,generateUniqueId
FNDA:16,deepClone
FNDA:5,(anonymous_8)
FNDA:2,supportsCSSVariables
FNDA:0,(anonymous_10)
DA:6,3
DA:7,47
DA:8,47
DA:9,47
DA:15,3
DA:16,47
DA:17,11
DA:18,3
DA:22,44
DA:23,2
DA:24,2
DA:25,1
DA:29,43
DA:30,3
DA:31,3
DA:32,1
DA:40,3
DA:41,15
DA:42,5
DA:43,3
DA:47,12
DA:48,2
DA:49,1
DA:53,11
DA:54,2
DA:55,1
DA:59,10
DA:60,1
DA:61,1
DA:69,3
DA:75,2
DA:76,5
DA:77,3
DA:78,3
DA:81,5
DA:82,5
DA:89,3
DA:90,1040
DA:96,3
DA:97,16
DA:98,10
DA:100,6
DA:101,1
DA:103,5
DA:105,5
DA:108,3
DA:109,3
DA:110,4
DA:111,4
DA:114,3
DA:120,3
DA:121,2
DA:127,3
DA:129,0
DA:134,3
LF:55
LH:54
BRDA:16,0,0,11
BRDA:17,1,0,3
BRDA:17,2,0,11
BRDA:17,2,1,10
BRDA:22,3,0,2
BRDA:24,4,0,1
BRDA:29,5,0,3
BRDA:31,6,0,1
BRDA:41,7,0,5
BRDA:42,8,0,3
BRDA:42,9,0,5
BRDA:42,9,1,4
BRDA:47,10,0,2
BRDA:48,11,0,1
BRDA:48,12,0,2
BRDA:48,12,1,2
BRDA:53,13,0,2
BRDA:54,14,0,1
BRDA:54,15,0,2
BRDA:54,15,1,2
BRDA:59,16,0,1
BRDA:60,17,0,1
BRDA:60,18,0,1
BRDA:60,18,1,1
BRDA:97,19,0,10
BRDA:97,20,0,16
BRDA:97,20,1,15
BRDA:100,21,0,1
BRDA:103,22,0,2
BRDA:110,23,0,4
BRDA:121,24,0,2
BRDA:121,24,1,2
BRDA:121,24,2,1
BRDA:127,25,0,3
BRDA:127,25,1,0
BRDA:134,26,0,3
BRDA:134,26,1,0
BRF:37
BRH:35
end_of_record
